<?xml version="1.0" encoding="UTF-8"?>
<testng-results skipped="0" failed="0" ignored="2" total="3" passed="1">
  <reporter-output>
    <line>
      <![CDATA[&emsp;<div class="test-title"> <strong><font size = "3" color = "#000080">Direct debit flow<small><b><i>[chrome_windows]</b></i></small></font> </strong> </div>&emsp;<div><strong>Steps:</strong></div><!-- Report -->&emsp;]]>
    </line>
    <line>
      <![CDATA[&emsp;<div class="test-title"> <strong><font size = "3" color = "#000080">TC_001 [UXP_SS_Sprint11_18691]</font> </strong> </div>&emsp;<div><strong>Steps:</strong></div>&emsp;]]>
    </line>
    <line>
      <![CDATA[<div class="test-message">&emsp;Davinci url is launched : https://closebo-web-d-ang.davincigroep.be/&emsp;<a href=".\ScreenShot\TC_001_UXP_SS_Sprint11_18691_1.png" target="_blank" >[ScreenShot]</a></div>]]>
    </line>
    <line>
      <![CDATA[<div class="test-event"> <font color="maroon"> <small> &emsp; &emsp;--- 11 Oct 17:05:33 533 - Page URL:: data:,</small> </font> </div>]]>
    </line>
    <line>
      <![CDATA[<div class="test-event"> <font color="maroon"> <small> &emsp; &emsp;--- 11 Oct 17:05:33 533 - <b>0</b> - Page Load Wait: (Sync) - com.generic.utils.WaitUtils.waitForPageLoad(WaitUtils.java:338)</small> </font> </div>]]>
    </line>
    <line>
      <![CDATA[<div class="test-event"> <font color="maroon"> <small> &emsp; &emsp;--- 11 Oct 17:05:41 720 - Element is displayed:: [[RemoteWebDriver: chrome on XP (7d8617062babb3c764eadb9c07e5ef8c)] -> css selector: input[name*='UserName']]</small> </font> </div>]]>
    </line>
    <line>
      <![CDATA[<div class="test-event"> <font color="maroon"> <small> &emsp; &emsp;--- 11 Oct 17:05:41 754 - Page URL:: https://adfs01.swf.davincigroep.be/adfs/ls/?wtrealm=https%3a%2f%2fjptest.localhost%2f&wa=wsignin1.0&wreply=https%3a%2f%2fclosebo-web-d-ang.davincigroep.be%2fsignin-wsfed&wctx=cfdj8nkrh99g-pjbpgriki_yftojiqyb5ilv0wcu_jnaycjn-sz0ljllfivv4pd8z7w_hcr8krphah1diws4ty9d9zmxhjcmjgjouwjexhcozf2cxabjql_yrmcxmwhv3mdd9pkvt80d27zsy2vxx2t-blfz5fkkzlxiihmvvsllaq3xan6jmwcjdfzgx5flxhz4zxjruvgrhdubd0vsrdhlqjkslcc5iuqkmp1bpm7ikpc8_jtz0fo0inraun4n8pcf_a</small> </font> </div>]]>
    </line>
    <line>
      <![CDATA[<div class="test-event"> <font color="maroon"> <small> &emsp; &emsp;--- 11 Oct 17:05:41 754 - <b>0</b> - Page Load Wait: (Sync) - com.generic.utils.WaitUtils.waitForPageLoad(WaitUtils.java:338)</small> </font> </div>]]>
    </line>
    <line>
      <![CDATA[<div class="test-message">&emsp;Login Page : https://closebo-web-d-ang.davincigroep.be/&emsp;<a href=".\ScreenShot\TC_001_UXP_SS_Sprint11_18691_2.png" target="_blank" >[ScreenShot]</a></div>]]>
    </line>
    <line>
      <![CDATA[<div class="test-event"> <font color="maroon"> <small> &emsp; &emsp;--- 11 Oct 17:05:42 681 - Element is displayed:: [[RemoteWebDriver: chrome on XP (7d8617062babb3c764eadb9c07e5ef8c)] -> css selector: input[name*='UserName']]</small> </font> </div>]]>
    </line>
    <line>
      <![CDATA[<div class="test-message">&emsp;Entered UserName : dvbeswf\closebotestuser&emsp;</div>]]>
    </line>
    <line>
      <![CDATA[<div class="test-event"> <font color="maroon"> <small> &emsp; &emsp;--- 11 Oct 17:05:42 925 - Element is displayed:: [[RemoteWebDriver: chrome on XP (7d8617062babb3c764eadb9c07e5ef8c)] -> css selector: input[name*='Password']]</small> </font> </div>]]>
    </line>
    <line>
      <![CDATA[<div class="test-message">&emsp;Entered Password : Welcome0&emsp;</div>]]>
    </line>
    <line>
      <![CDATA[<div class="test-event"> <font color="maroon"> <small> &emsp; &emsp;--- 11 Oct 17:05:43 118 - Element is displayed:: [[RemoteWebDriver: chrome on XP (7d8617062babb3c764eadb9c07e5ef8c)] -> css selector: span.submit]</small> </font> </div>]]>
    </line>
    <line>
      <![CDATA[<div class="test-event"> <font color="maroon"> <small> &emsp; &emsp;--- 11 Oct 17:06:00 026 - <b>15</b> - Spinner Load Wait: (Sync) - com.generic.utils.WaitUtils.waitForSpinner(WaitUtils.java:160)</small> </font> </div>]]>
    </line>
    <line>
      <![CDATA[<div class="test-message">&emsp;Clicked Login button&emsp;</div>]]>
    </line>
    <line>
      <![CDATA[<div class="test-event"> <font color="maroon"> <small> &emsp; &emsp;--- 11 Oct 17:06:02 388 - <b>2</b> - Spinner Load Wait: (Sync) - com.generic.utils.WaitUtils.waitForSpinner(WaitUtils.java:160)</small> </font> </div>]]>
    </line>
    <line>
      <![CDATA[<div class="test-event"> <font color="maroon"> <small> &emsp; &emsp;--- 11 Oct 17:06:02 469 - Page URL:: https://closebo-web-d-ang.davincigroep.be/credit/searchcredit</small> </font> </div>]]>
    </line>
    <line>
      <![CDATA[<div class="test-event"> <font color="maroon"> <small> &emsp; &emsp;--- 11 Oct 17:06:02 469 - <b>0</b> - Page Load Wait: (Sync) - com.generic.utils.WaitUtils.waitForPageLoad(WaitUtils.java:338)</small> </font> </div>]]>
    </line>
    <line>
      <![CDATA[<div class="test-message">&emsp;Navigated to Search Credit Page&emsp;<a href=".\ScreenShot\TC_001_UXP_SS_Sprint11_18691_3.png" target="_blank" >[ScreenShot]</a></div>]]>
    </line>
    <line>
      <![CDATA[<div class="test-event"> <font color="maroon"> <small> &emsp; &emsp;--- 11 Oct 17:06:02 942 - Element is displayed:: [[RemoteWebDriver: chrome on XP (7d8617062babb3c764eadb9c07e5ef8c)] -> css selector: body > app > shell > section > div > div > div > credit-module > div > search-credit > div > toolbar > div > div > h3]</small> </font> </div>]]>
    </line>
    <line>
      <![CDATA[<div class="test-message">&emsp;Navigated to Search Credit Page&emsp;<a href=".\ScreenShot\TC_001_UXP_SS_Sprint11_18691_4.png" target="_blank" >[ScreenShot]</a></div>]]>
    </line>
    <line>
      <![CDATA[<div class="test-event"> <font color="maroon"> <small> &emsp; &emsp;--- 11 Oct 17:06:03 396 - Element is displayed:: [[RemoteWebDriver: chrome on XP (7d8617062babb3c764eadb9c07e5ef8c)] -> css selector: body > app > shell > section > div > div > div > credit-module > div > search-credit > div > toolbar > div > div > h3]</small> </font> </div>]]>
    </line>
    <line>
      <![CDATA[<div class="test-event"> <font color="maroon"> <small> &emsp; &emsp;--- 11 Oct 17:06:03 553 - Element is displayed:: [[RemoteWebDriver: chrome on XP (7d8617062babb3c764eadb9c07e5ef8c)] -> css selector: p-dropdown[name='ProductFamily'] span]</small> </font> </div>]]>
    </line>
    <line>
      <![CDATA[<div class="test-event"> <font color="maroon"> <small> &emsp; &emsp;--- 11 Oct 17:06:05 902 - <b>2</b> - Spinner Load Wait: (Sync) - com.generic.utils.WaitUtils.waitForSpinner(WaitUtils.java:160)</small> </font> </div>]]>
    </line>
    <line>
      <![CDATA[<div class="test-event"> <font color="maroon"> <small> &emsp; &emsp;--- 11 Oct 17:06:08 359 - <b>2</b> - Spinner Load Wait: (Sync) - com.generic.utils.WaitUtils.waitForSpinner(WaitUtils.java:160)</small> </font> </div>]]>
    </line>
    <line>
      <![CDATA[<div class="test-message">&emsp;Selected Type : Consumer loan&emsp;<a href=".\ScreenShot\TC_001_UXP_SS_Sprint11_18691_5.png" target="_blank" >[ScreenShot]</a></div>]]>
    </line>
    <line>
      <![CDATA[<div class="test-event"> <font color="maroon"> <small> &emsp; &emsp;--- 11 Oct 17:06:08 990 - Element is displayed:: [[RemoteWebDriver: chrome on XP (7d8617062babb3c764eadb9c07e5ef8c)] -> css selector: #ui-accordiontab-0-content > div > form > div > div.savecancel.morebuttons > button.clickbut.maxwidth50]</small> </font> </div>]]>
    </line>
    <line>
      <![CDATA[<div class="test-event"> <font color="maroon"> <small> &emsp; &emsp;--- 11 Oct 17:06:11 410 - <b>2</b> - Spinner Load Wait: (Sync) - com.generic.utils.WaitUtils.waitForSpinner(WaitUtils.java:160)</small> </font> </div>]]>
    </line>
    <line>
      <![CDATA[<div class="test-message">&emsp;Clicked Search Button &emsp;</div>]]>
    </line>
    <line>
      <![CDATA[<div class="test-message">&emsp;mytest3is found&emsp;<a href=".\ScreenShot\TC_001_UXP_SS_Sprint11_18691_6.png" target="_blank" >[ScreenShot]</a></div>]]>
    </line>
    <line>
      <![CDATA[<div class="test-event"> <font color="maroon"> <small> &emsp; &emsp;--- 11 Oct 17:06:14 411 - <b>2</b> - Spinner Load Wait: (Sync) - com.generic.utils.WaitUtils.waitForSpinner(WaitUtils.java:160)</small> </font> </div>]]>
    </line>
    <line>
      <![CDATA[<div class="test-message">&emsp;mytest3is found&emsp;<a href=".\ScreenShot\TC_001_UXP_SS_Sprint11_18691_7.png" target="_blank" >[ScreenShot]</a></div>]]>
    </line>
    <line>
      <![CDATA[<div class="test-event"> <font color="maroon"> <small> &emsp; &emsp;--- 11 Oct 17:06:17 471 - <b>2</b> - Spinner Load Wait: (Sync) - com.generic.utils.WaitUtils.waitForSpinner(WaitUtils.java:160)</small> </font> </div>]]>
    </line>
    <line>
      <![CDATA[<div class="test-event"> <font color="maroon"> <small> &emsp; &emsp;--- 11 Oct 17:06:17 618 - Element is displayed:: [[RemoteWebDriver: chrome on XP (7d8617062babb3c764eadb9c07e5ef8c)] -> css selector: [class*='fa fa-caret-right cursor-hand collapsed ng-star-inserted'][data-target='#832']]</small> </font> </div>]]>
    </line>
    <line>
      <![CDATA[<div class="test-event"> <font color="maroon"> <small> &emsp; &emsp;--- 11 Oct 17:06:19 997 - <b>2</b> - Spinner Load Wait: (Sync) - com.generic.utils.WaitUtils.waitForSpinner(WaitUtils.java:160)</small> </font> </div>]]>
    </line>
    <line>
      <![CDATA[<div class="test-message">&emsp;Clicked Finance button &emsp;</div>]]>
    </line>
    <line>
      <![CDATA[<div class="test-event"> <font color="maroon"> <small> &emsp; &emsp;--- 11 Oct 17:06:22 307 - <b>2</b> - Spinner Load Wait: (Sync) - com.generic.utils.WaitUtils.waitForSpinner(WaitUtils.java:160)</small> </font> </div>]]>
    </line>
    <line>
      <![CDATA[<div class="test-event"> <font color="maroon"> <small> &emsp; &emsp;--- 11 Oct 17:06:25 231 - <b>2</b> - Spinner Load Wait: (Sync) - com.generic.utils.WaitUtils.waitForSpinner(WaitUtils.java:160)</small> </font> </div>]]>
    </line>
    <line>
      <![CDATA[<div class="test-message">&emsp;Selected Type : DIRECT DEBIT&emsp;<a href=".\ScreenShot\TC_001_UXP_SS_Sprint11_18691_8.png" target="_blank" >[ScreenShot]</a></div>]]>
    </line>
    <line>
      <![CDATA[<div class="test-event"> <font color="maroon"> <small> &emsp; &emsp;--- 11 Oct 17:06:25 684 - Element is displayed:: [[RemoteWebDriver: chrome on XP (7d8617062babb3c764eadb9c07e5ef8c)] -> css selector: [class*='ui-dropdown-trigger ui-state-default ui-corner-right']>span]</small> </font> </div>]]>
    </line>
    <line>
      <![CDATA[<div class="test-event"> <font color="maroon"> <small> &emsp; &emsp;--- 11 Oct 17:06:28 069 - <b>2</b> - Spinner Load Wait: (Sync) - com.generic.utils.WaitUtils.waitForSpinner(WaitUtils.java:160)</small> </font> </div>]]>
    </line>
    <line>
      <![CDATA[<div class="test-event"> <font color="maroon"> <small> &emsp; &emsp;--- 11 Oct 17:06:30 533 - <b>2</b> - Spinner Load Wait: (Sync) - com.generic.utils.WaitUtils.waitForSpinner(WaitUtils.java:160)</small> </font> </div>]]>
    </line>
    <line>
      <![CDATA[<div class="test-message">&emsp;Selected Type : Direct Debit&emsp;<a href=".\ScreenShot\TC_001_UXP_SS_Sprint11_18691_9.png" target="_blank" >[ScreenShot]</a></div>]]>
    </line>
    <line>
      <![CDATA[<div class="test-event"> <font color="maroon"> <small> &emsp; &emsp;--- 11 Oct 17:06:31 239 - Element is displayed:: [[RemoteWebDriver: chrome on XP (7d8617062babb3c764eadb9c07e5ef8c)] -> css selector: div[class*='col-sm-12 no-padding elementright'] button:nth-child(1)]</small> </font> </div>]]>
    </line>
    <line>
      <![CDATA[<div class="test-event"> <font color="maroon"> <small> &emsp; &emsp;--- 11 Oct 17:06:33 636 - <b>2</b> - Spinner Load Wait: (Sync) - com.generic.utils.WaitUtils.waitForSpinner(WaitUtils.java:160)</small> </font> </div>]]>
    </line>
    <line>
      <![CDATA[<div class="test-message">&emsp;Clicked New Button for Direct Debit Mandate&emsp;</div>]]>
    </line>
    <line>
      <![CDATA[<div class="test-event"> <font color="maroon"> <small> &emsp; &emsp;--- 11 Oct 17:06:33 808 - Element is displayed:: [[RemoteWebDriver: chrome on XP (7d8617062babb3c764eadb9c07e5ef8c)] -> css selector: [name='DirectDebitNbr']]</small> </font> </div>]]>
    </line>
    <line>
      <![CDATA[<div class="test-message">&emsp;Entered Credit Reference : 13245&emsp;</div>]]>
    </line>
    <line>
      <![CDATA[<div class="test-event"> <font color="maroon"> <small> &emsp; &emsp;--- 11 Oct 17:06:34 059 - Element is displayed:: [[RemoteWebDriver: chrome on XP (7d8617062babb3c764eadb9c07e5ef8c)] -> css selector: [name='IBANAccount']]</small> </font> </div>]]>
    </line>
    <line>
      <![CDATA[<div class="test-message">&emsp;Entered IBAN Account : BE73103044852060&emsp;</div>]]>
    </line>
    <line>
      <![CDATA[<div class="test-event"> <font color="maroon"> <small> &emsp; &emsp;--- 11 Oct 17:06:34 383 - Element is displayed:: [[RemoteWebDriver: chrome on XP (7d8617062babb3c764eadb9c07e5ef8c)] -> css selector: [name='BICCode']>span>input]</small> </font> </div>]]>
    </line>
    <line>
      <![CDATA[<div class="test-event"> <font color="maroon"> <small> &emsp; &emsp;--- 11 Oct 17:06:36 945 - <b>2</b> - Spinner Load Wait: (Sync) - com.generic.utils.WaitUtils.waitForSpinner(WaitUtils.java:160)</small> </font> </div>]]>
    </line>
    <line>
      <![CDATA[<div class="test-message">&emsp;BARBBEBB - BIC code is enterd &emsp;<a href=".\ScreenShot\TC_001_UXP_SS_Sprint11_18691_10.png" target="_blank" >[ScreenShot]</a></div>]]>
    </line>
    <line>
      <![CDATA[<div class="test-event"> <font color="maroon"> <small> &emsp; &emsp;--- 11 Oct 17:06:37 399 - Element is displayed:: [[RemoteWebDriver: chrome on XP (7d8617062babb3c764eadb9c07e5ef8c)] -> css selector: input[name='StartDate']]</small> </font> </div>]]>
    </line>
    <line>
      <![CDATA[<div class="test-event"> <font color="maroon"> <small> &emsp; &emsp;--- 11 Oct 17:06:41 127 - <b>2</b> - Spinner Load Wait: (Sync) - com.generic.utils.WaitUtils.waitForSpinner(WaitUtils.java:160)</small> </font> </div>]]>
    </line>
    <line>
      <![CDATA[<div class="test-message">&emsp;Entered the Date date for expected prepayment date : 09/10/2018&emsp;<a href=".\ScreenShot\TC_001_UXP_SS_Sprint11_18691_11.png" target="_blank" >[ScreenShot]</a></div>]]>
    </line>
    <line>
      <![CDATA[<div class="test-event"> <font color="maroon"> <small> &emsp; &emsp;--- 11 Oct 17:06:41 677 - Element is displayed:: [[RemoteWebDriver: chrome on XP (7d8617062babb3c764eadb9c07e5ef8c)] -> css selector: [class*='clickbut maxwidth30 ng-star-inserted'][type='submit']]</small> </font> </div>]]>
    </line>
    <line>
      <![CDATA[<div class="test-event"> <font color="maroon"> <small> &emsp; &emsp;--- 11 Oct 17:06:44 092 - <b>2</b> - Spinner Load Wait: (Sync) - com.generic.utils.WaitUtils.waitForSpinner(WaitUtils.java:160)</small> </font> </div>]]>
    </line>
    <line>
      <![CDATA[<div class="test-message">&emsp;Clicked Save Button &emsp;</div>]]>
    </line>
    <line>
      <![CDATA[<div class="test-event"> <font color="maroon"> <small> &emsp; &emsp;--- 11 Oct 17:06:44 271 - Element is displayed:: [[RemoteWebDriver: chrome on XP (7d8617062babb3c764eadb9c07e5ef8c)] -> css selector: div[class*='col-sm-12 no-padding elementright'] button:nth-child(2)]</small> </font> </div>]]>
    </line>
    <line>
      <![CDATA[<div class="test-event"> <font color="maroon"> <small> &emsp; &emsp;--- 11 Oct 17:06:46 691 - <b>2</b> - Spinner Load Wait: (Sync) - com.generic.utils.WaitUtils.waitForSpinner(WaitUtils.java:160)</small> </font> </div>]]>
    </line>
    <line>
      <![CDATA[<div class="test-message">&emsp;Clicked Update Button for Direct Debit Mandate&emsp;</div>]]>
    </line>
    <line>
      <![CDATA[<div class="test-message">&emsp;Strat date is disable</div>]]>
    </line>
    <line>
      <![CDATA[<div class="test-result"><br><font color="red"><strong> Date fields are disable&emsp;<a href=".\ScreenShot\TC_001_UXP_SS_Sprint11_18691_12.png" target="_blank" >[ScreenShot]</a> </strong></font> </div>&emsp;]]>
    </line>
    <line>
      <![CDATA[<div class="test-message">&emsp;Date fields are disable&emsp;<a href=".\ScreenShot\TC_001_UXP_SS_Sprint11_18691_13.png" target="_blank" >[ScreenShot]</a></div>]]>
    </line>
    <line>
      <![CDATA[<div class="test-event"> <font color="maroon"> <small> &emsp; &emsp;--- 11 Oct 17:06:47 559 - Element is displayed:: [[RemoteWebDriver: chrome on XP (7d8617062babb3c764eadb9c07e5ef8c)] -> css selector: [name='DirectDebitNbr']]</small> </font> </div>]]>
    </line>
    <line>
      <![CDATA[<div class="test-message">&emsp;Entered Credit Reference : 132455745&emsp;</div>]]>
    </line>
    <line>
      <![CDATA[<div class="test-event"> <font color="maroon"> <small> &emsp; &emsp;--- 11 Oct 17:06:47 790 - Element is displayed:: [[RemoteWebDriver: chrome on XP (7d8617062babb3c764eadb9c07e5ef8c)] -> css selector: [class*='clickbut maxwidth30 ng-star-inserted'][type='submit']]</small> </font> </div>]]>
    </line>
    <line>
      <![CDATA[<div class="test-event"> <font color="maroon"> <small> &emsp; &emsp;--- 11 Oct 17:06:50 193 - <b>2</b> - Spinner Load Wait: (Sync) - com.generic.utils.WaitUtils.waitForSpinner(WaitUtils.java:160)</small> </font> </div>]]>
    </line>
    <line>
      <![CDATA[<div class="test-message">&emsp;Clicked Save Button &emsp;</div>]]>
    </line>
    <line>
      <![CDATA[<div class="test-event"> <font color="maroon"> <small> &emsp; &emsp;--- 11 Oct 17:06:50 371 - Element is displayed:: [[RemoteWebDriver: chrome on XP (7d8617062babb3c764eadb9c07e5ef8c)] -> css selector: div[class*='col-sm-12 no-padding elementright'] button:nth-child(3)]</small> </font> </div>]]>
    </line>
    <line>
      <![CDATA[<div class="test-event"> <font color="maroon"> <small> &emsp; &emsp;--- 11 Oct 17:06:52 784 - <b>2</b> - Spinner Load Wait: (Sync) - com.generic.utils.WaitUtils.waitForSpinner(WaitUtils.java:160)</small> </font> </div>]]>
    </line>
    <line>
      <![CDATA[<div class="test-message">&emsp;Clicked Close Button for Direct Debit Mandate&emsp;</div>]]>
    </line>
    <line>
      <![CDATA[<div class="test-message">&emsp;End date is enable[[RemoteWebDriver: chrome on XP (7d8617062babb3c764eadb9c07e5ef8c)] -> css selector: p-calendar[name='EndDate']]</div>]]>
    </line>
    <line>
      <![CDATA[<div class="test-result"><br><font color="red"><strong> End Date fields are enable&emsp;<a href=".\ScreenShot\TC_001_UXP_SS_Sprint11_18691_14.png" target="_blank" >[ScreenShot]</a> </strong></font> </div>&emsp;]]>
    </line>
    <line>
      <![CDATA[<div class="test-message">&emsp;End Date fields are enable&emsp;<a href=".\ScreenShot\TC_001_UXP_SS_Sprint11_18691_15.png" target="_blank" >[ScreenShot]</a></div>]]>
    </line>
    <line>
      <![CDATA[<div class="test-event"> <font color="maroon"> <small> &emsp; &emsp;--- 11 Oct 17:06:53 638 - Element is displayed:: [[RemoteWebDriver: chrome on XP (7d8617062babb3c764eadb9c07e5ef8c)] -> css selector: div[class*='col-sm-12 no-padding elementright'] button:nth-child(4)]</small> </font> </div>]]>
    </line>
    <line>
      <![CDATA[<div class="test-event"> <font color="maroon"> <small> &emsp; &emsp;--- 11 Oct 17:06:56 051 - <b>2</b> - Spinner Load Wait: (Sync) - com.generic.utils.WaitUtils.waitForSpinner(WaitUtils.java:160)</small> </font> </div>]]>
    </line>
    <line>
      <![CDATA[<div class="test-message">&emsp;Clicked suspend Button for Direct Debit Mandate&emsp;</div>]]>
    </line>
    <line>
      <![CDATA[<div class="test-message">&emsp;suspend date is enable[[RemoteWebDriver: chrome on XP (7d8617062babb3c764eadb9c07e5ef8c)] -> css selector: p-calendar[name='SuspendDate']]</div>]]>
    </line>
    <line>
      <![CDATA[<div class="test-result"><br><font color="red"><strong> Suspend Date fields are enable&emsp;<a href=".\ScreenShot\TC_001_UXP_SS_Sprint11_18691_16.png" target="_blank" >[ScreenShot]</a> </strong></font> </div>&emsp;]]>
    </line>
    <line>
      <![CDATA[<div class="test-message">&emsp;Suspend Date fields are enable&emsp;<a href=".\ScreenShot\TC_001_UXP_SS_Sprint11_18691_17.png" target="_blank" >[ScreenShot]</a></div>]]>
    </line>
    <line>
      <![CDATA[<div class="test-message">&emsp;until date is enable[[RemoteWebDriver: chrome on XP (7d8617062babb3c764eadb9c07e5ef8c)] -> css selector: p-calendar[name='Until']]</div>]]>
    </line>
    <line>
      <![CDATA[<div class="test-result"><br><font color="red"><strong> Until Date fields are enable&emsp;<a href=".\ScreenShot\TC_001_UXP_SS_Sprint11_18691_18.png" target="_blank" >[ScreenShot]</a> </strong></font> </div>&emsp;]]>
    </line>
    <line>
      <![CDATA[<div class="test-message">&emsp;Until Date fields are enable&emsp;<a href=".\ScreenShot\TC_001_UXP_SS_Sprint11_18691_19.png" target="_blank" >[ScreenShot]</a></div>]]>
    </line>
    <line>
      <![CDATA[<div class="test-event"> <font color="maroon"> <small> &emsp; &emsp;--- 11 Oct 17:06:57 776 - Element is displayed:: [[RemoteWebDriver: chrome on XP (7d8617062babb3c764eadb9c07e5ef8c)] -> css selector: [class*='ui-dropdown-trigger ui-state-default ui-corner-right']>span]</small> </font> </div>]]>
    </line>
    <line>
      <![CDATA[<div class="test-event"> <font color="maroon"> <small> &emsp; &emsp;--- 11 Oct 17:07:00 250 - <b>2</b> - Spinner Load Wait: (Sync) - com.generic.utils.WaitUtils.waitForSpinner(WaitUtils.java:160)</small> </font> </div>]]>
    </line>
    <line>
      <![CDATA[<div class="test-event"> <font color="maroon"> <small> &emsp; &emsp;--- 11 Oct 17:07:02 704 - <b>2</b> - Spinner Load Wait: (Sync) - com.generic.utils.WaitUtils.waitForSpinner(WaitUtils.java:160)</small> </font> </div>]]>
    </line>
    <line>
      <![CDATA[<div class="test-message">&emsp;Selected Type : BANK TRANSFER&emsp;<a href=".\ScreenShot\TC_001_UXP_SS_Sprint11_18691_20.png" target="_blank" >[ScreenShot]</a></div>]]>
    </line>
    <line>
      <![CDATA[<div class="test-event"> <font color="maroon"> <small> &emsp; &emsp;--- 11 Oct 17:07:03 371 - Element is displayed:: [[RemoteWebDriver: chrome on XP (7d8617062babb3c764eadb9c07e5ef8c)] -> css selector: [name='PaymentReference']]</small> </font> </div>]]>
    </line>
    <line>
      <![CDATA[<div class="test-message">&emsp;Entered Credit Reference : PaymentReferencetest001&emsp;</div>]]>
    </line>
    <line>
      <![CDATA[<div class="test-event"> <font color="maroon"> <small> &emsp; &emsp;--- 11 Oct 17:07:03 705 - Element is displayed:: [[RemoteWebDriver: chrome on XP (7d8617062babb3c764eadb9c07e5ef8c)] -> css selector: [name='CreditIBANAccount']]</small> </font> </div>]]>
    </line>
    <line>
      <![CDATA[<div class="test-message">&emsp;Entered Credit Reference : NL30ABNA0537284184&emsp;</div>]]>
    </line>
    <line>
      <![CDATA[<div class="test-event"> <font color="maroon"> <small> &emsp; &emsp;--- 11 Oct 17:07:04 025 - Element is displayed:: [[RemoteWebDriver: chrome on XP (7d8617062babb3c764eadb9c07e5ef8c)] -> css selector: [class*='clickbut maxwidth30 ng-star-inserted'][type='submit']]</small> </font> </div>]]>
    </line>
    <line>
      <![CDATA[<div class="test-event"> <font color="maroon"> <small> &emsp; &emsp;--- 11 Oct 17:07:06 406 - <b>2</b> - Spinner Load Wait: (Sync) - com.generic.utils.WaitUtils.waitForSpinner(WaitUtils.java:160)</small> </font> </div>]]>
    </line>
    <line>
      <![CDATA[<div class="test-message">&emsp;Clicked Save Button &emsp;</div>]]>
    </line>
    <line>
      <![CDATA[<div class="test-event"> <font color="maroon"> <small> &emsp; &emsp;--- 11 Oct 17:07:06 528 - Element is displayed:: [[RemoteWebDriver: chrome on XP (7d8617062babb3c764eadb9c07e5ef8c)] -> css selector: [class*='ui-dropdown-trigger ui-state-default ui-corner-right']>span]</small> </font> </div>]]>
    </line>
    <line>
      <![CDATA[<div class="test-event"> <font color="maroon"> <small> &emsp; &emsp;--- 11 Oct 17:07:08 889 - <b>2</b> - Spinner Load Wait: (Sync) - com.generic.utils.WaitUtils.waitForSpinner(WaitUtils.java:160)</small> </font> </div>]]>
    </line>
    <line>
      <![CDATA[<div class="test-event"> <font color="maroon"> <small> &emsp; &emsp;--- 11 Oct 17:07:11 343 - <b>2</b> - Spinner Load Wait: (Sync) - com.generic.utils.WaitUtils.waitForSpinner(WaitUtils.java:160)</small> </font> </div>]]>
    </line>
    <line>
      <![CDATA[<div class="test-message">&emsp;Selected Type : Permanent Order&emsp;<a href=".\ScreenShot\TC_001_UXP_SS_Sprint11_18691_21.png" target="_blank" >[ScreenShot]</a></div>]]>
    </line>
    <line>
      <![CDATA[<div class="test-event"> <font color="maroon"> <small> &emsp; &emsp;--- 11 Oct 17:07:12 056 - Element is displayed:: [[RemoteWebDriver: chrome on XP (7d8617062babb3c764eadb9c07e5ef8c)] -> css selector: [name='PaymentReference']]</small> </font> </div>]]>
    </line>
    <line>
      <![CDATA[<div class="test-message">&emsp;Entered Credit Reference : PaymentReferencetest002&emsp;</div>]]>
    </line>
    <line>
      <![CDATA[<div class="test-event"> <font color="maroon"> <small> &emsp; &emsp;--- 11 Oct 17:07:12 363 - Element is displayed:: [[RemoteWebDriver: chrome on XP (7d8617062babb3c764eadb9c07e5ef8c)] -> css selector: [name='CreditIBANAccount']]</small> </font> </div>]]>
    </line>
    <line>
      <![CDATA[<div class="test-message">&emsp;Entered Credit Reference : NL30ABNA0537284184&emsp;</div>]]>
    </line>
    <line>
      <![CDATA[<div class="test-event"> <font color="maroon"> <small> &emsp; &emsp;--- 11 Oct 17:07:12 675 - Element is displayed:: [[RemoteWebDriver: chrome on XP (7d8617062babb3c764eadb9c07e5ef8c)] -> css selector: [name='PermanentOrderAmt']]</small> </font> </div>]]>
    </line>
    <line>
      <![CDATA[<div class="test-message">&emsp;Entered Credit Reference : 10&emsp;</div>]]>
    </line>
    <line>
      <![CDATA[<div class="test-event"> <font color="maroon"> <small> &emsp; &emsp;--- 11 Oct 17:07:12 863 - Element is displayed:: [[RemoteWebDriver: chrome on XP (7d8617062babb3c764eadb9c07e5ef8c)] -> css selector: [class*='clickbut maxwidth30 ng-star-inserted'][type='submit']]</small> </font> </div>]]>
    </line>
    <line>
      <![CDATA[<div class="test-event"> <font color="maroon"> <small> &emsp; &emsp;--- 11 Oct 17:07:15 279 - <b>2</b> - Spinner Load Wait: (Sync) - com.generic.utils.WaitUtils.waitForSpinner(WaitUtils.java:160)</small> </font> </div>]]>
    </line>
    <line>
      <![CDATA[<div class="test-message">&emsp;Clicked Save Button &emsp;</div>]]>
    </line>
    <line>
      <![CDATA[<div class="test-result"><br><font color="green"><strong> Test Passed. </strong></font> </div>&emsp;]]>
    </line>
  </reporter-output>
  <suite name="PureBroker_Smoke" duration-ms="106484" started-at="2018-10-11T11:35:28Z" finished-at="2018-10-11T11:37:15Z">
    <groups>
    </groups>
    <test name="UXP_SS_Sprint11_18691" duration-ms="106484" started-at="2018-10-11T11:35:28Z" finished-at="2018-10-11T11:37:15Z">
      <class name="com.davinci_Testscripts.davinci_Script">
        <test-method status="PASS" signature="beforeSuite()[pri:0, instance:com.davinci_Testscripts.davinci_Script@3d0f8e03]" name="beforeSuite" is-config="true" duration-ms="141" started-at="2018-10-11T11:35:28Z" finished-at="2018-10-11T11:35:28Z">
          <reporter-output>
          </reporter-output>
        </test-method> <!-- beforeSuite -->
        <test-method status="PASS" signature="init(org.testng.ITestContext)[pri:0, instance:com.davinci_Testscripts.davinci_Script@3d0f8e03]" name="init" is-config="true" duration-ms="0" started-at="2018-10-11T11:35:28Z" finished-at="2018-10-11T11:35:28Z">
          <params>
            <param index="0">
              <value>
                <![CDATA[org.testng.TestRunner@333291e3]]>
              </value>
            </param>
          </params>
          <reporter-output>
          </reporter-output>
        </test-method> <!-- init -->
        <test-method status="PASS" signature="TC_001(java.lang.String)[pri:0, instance:com.davinci_Testscripts.davinci_Script@3d0f8e03]" name="TC_001" duration-ms="102542" started-at="2018-10-11T11:35:32Z" description="Direct debit flow" data-provider="PureBroker" finished-at="2018-10-11T11:37:15Z">
          <params>
            <param index="0">
              <value>
                <![CDATA[(Browser: chrome, Hub: aspirenav145, Node: ), chrome_XP]]>
              </value>
            </param>
          </params>
          <reporter-output>
            <line>
              <![CDATA[&emsp;<div class="test-title"> <strong><font size = "3" color = "#000080">Direct debit flow<small><b><i>[chrome_windows]</b></i></small></font> </strong> </div>&emsp;<div><strong>Steps:</strong></div><!-- Report -->&emsp;]]>
            </line>
            <line>
              <![CDATA[&emsp;<div class="test-title"> <strong><font size = "3" color = "#000080">TC_001 [UXP_SS_Sprint11_18691]</font> </strong> </div>&emsp;<div><strong>Steps:</strong></div>&emsp;]]>
            </line>
            <line>
              <![CDATA[<div class="test-message">&emsp;Davinci url is launched : https://closebo-web-d-ang.davincigroep.be/&emsp;<a href=".\ScreenShot\TC_001_UXP_SS_Sprint11_18691_1.png" target="_blank" >[ScreenShot]</a></div>]]>
            </line>
            <line>
              <![CDATA[<div class="test-event"> <font color="maroon"> <small> &emsp; &emsp;--- 11 Oct 17:05:33 533 - Page URL:: data:,</small> </font> </div>]]>
            </line>
            <line>
              <![CDATA[<div class="test-event"> <font color="maroon"> <small> &emsp; &emsp;--- 11 Oct 17:05:33 533 - <b>0</b> - Page Load Wait: (Sync) - com.generic.utils.WaitUtils.waitForPageLoad(WaitUtils.java:338)</small> </font> </div>]]>
            </line>
            <line>
              <![CDATA[<div class="test-event"> <font color="maroon"> <small> &emsp; &emsp;--- 11 Oct 17:05:41 720 - Element is displayed:: [[RemoteWebDriver: chrome on XP (7d8617062babb3c764eadb9c07e5ef8c)] -> css selector: input[name*='UserName']]</small> </font> </div>]]>
            </line>
            <line>
              <![CDATA[<div class="test-event"> <font color="maroon"> <small> &emsp; &emsp;--- 11 Oct 17:05:41 754 - Page URL:: https://adfs01.swf.davincigroep.be/adfs/ls/?wtrealm=https%3a%2f%2fjptest.localhost%2f&wa=wsignin1.0&wreply=https%3a%2f%2fclosebo-web-d-ang.davincigroep.be%2fsignin-wsfed&wctx=cfdj8nkrh99g-pjbpgriki_yftojiqyb5ilv0wcu_jnaycjn-sz0ljllfivv4pd8z7w_hcr8krphah1diws4ty9d9zmxhjcmjgjouwjexhcozf2cxabjql_yrmcxmwhv3mdd9pkvt80d27zsy2vxx2t-blfz5fkkzlxiihmvvsllaq3xan6jmwcjdfzgx5flxhz4zxjruvgrhdubd0vsrdhlqjkslcc5iuqkmp1bpm7ikpc8_jtz0fo0inraun4n8pcf_a</small> </font> </div>]]>
            </line>
            <line>
              <![CDATA[<div class="test-event"> <font color="maroon"> <small> &emsp; &emsp;--- 11 Oct 17:05:41 754 - <b>0</b> - Page Load Wait: (Sync) - com.generic.utils.WaitUtils.waitForPageLoad(WaitUtils.java:338)</small> </font> </div>]]>
            </line>
            <line>
              <![CDATA[<div class="test-message">&emsp;Login Page : https://closebo-web-d-ang.davincigroep.be/&emsp;<a href=".\ScreenShot\TC_001_UXP_SS_Sprint11_18691_2.png" target="_blank" >[ScreenShot]</a></div>]]>
            </line>
            <line>
              <![CDATA[<div class="test-event"> <font color="maroon"> <small> &emsp; &emsp;--- 11 Oct 17:05:42 681 - Element is displayed:: [[RemoteWebDriver: chrome on XP (7d8617062babb3c764eadb9c07e5ef8c)] -> css selector: input[name*='UserName']]</small> </font> </div>]]>
            </line>
            <line>
              <![CDATA[<div class="test-message">&emsp;Entered UserName : dvbeswf\closebotestuser&emsp;</div>]]>
            </line>
            <line>
              <![CDATA[<div class="test-event"> <font color="maroon"> <small> &emsp; &emsp;--- 11 Oct 17:05:42 925 - Element is displayed:: [[RemoteWebDriver: chrome on XP (7d8617062babb3c764eadb9c07e5ef8c)] -> css selector: input[name*='Password']]</small> </font> </div>]]>
            </line>
            <line>
              <![CDATA[<div class="test-message">&emsp;Entered Password : Welcome0&emsp;</div>]]>
            </line>
            <line>
              <![CDATA[<div class="test-event"> <font color="maroon"> <small> &emsp; &emsp;--- 11 Oct 17:05:43 118 - Element is displayed:: [[RemoteWebDriver: chrome on XP (7d8617062babb3c764eadb9c07e5ef8c)] -> css selector: span.submit]</small> </font> </div>]]>
            </line>
            <line>
              <![CDATA[<div class="test-event"> <font color="maroon"> <small> &emsp; &emsp;--- 11 Oct 17:06:00 026 - <b>15</b> - Spinner Load Wait: (Sync) - com.generic.utils.WaitUtils.waitForSpinner(WaitUtils.java:160)</small> </font> </div>]]>
            </line>
            <line>
              <![CDATA[<div class="test-message">&emsp;Clicked Login button&emsp;</div>]]>
            </line>
            <line>
              <![CDATA[<div class="test-event"> <font color="maroon"> <small> &emsp; &emsp;--- 11 Oct 17:06:02 388 - <b>2</b> - Spinner Load Wait: (Sync) - com.generic.utils.WaitUtils.waitForSpinner(WaitUtils.java:160)</small> </font> </div>]]>
            </line>
            <line>
              <![CDATA[<div class="test-event"> <font color="maroon"> <small> &emsp; &emsp;--- 11 Oct 17:06:02 469 - Page URL:: https://closebo-web-d-ang.davincigroep.be/credit/searchcredit</small> </font> </div>]]>
            </line>
            <line>
              <![CDATA[<div class="test-event"> <font color="maroon"> <small> &emsp; &emsp;--- 11 Oct 17:06:02 469 - <b>0</b> - Page Load Wait: (Sync) - com.generic.utils.WaitUtils.waitForPageLoad(WaitUtils.java:338)</small> </font> </div>]]>
            </line>
            <line>
              <![CDATA[<div class="test-message">&emsp;Navigated to Search Credit Page&emsp;<a href=".\ScreenShot\TC_001_UXP_SS_Sprint11_18691_3.png" target="_blank" >[ScreenShot]</a></div>]]>
            </line>
            <line>
              <![CDATA[<div class="test-event"> <font color="maroon"> <small> &emsp; &emsp;--- 11 Oct 17:06:02 942 - Element is displayed:: [[RemoteWebDriver: chrome on XP (7d8617062babb3c764eadb9c07e5ef8c)] -> css selector: body > app > shell > section > div > div > div > credit-module > div > search-credit > div > toolbar > div > div > h3]</small> </font> </div>]]>
            </line>
            <line>
              <![CDATA[<div class="test-message">&emsp;Navigated to Search Credit Page&emsp;<a href=".\ScreenShot\TC_001_UXP_SS_Sprint11_18691_4.png" target="_blank" >[ScreenShot]</a></div>]]>
            </line>
            <line>
              <![CDATA[<div class="test-event"> <font color="maroon"> <small> &emsp; &emsp;--- 11 Oct 17:06:03 396 - Element is displayed:: [[RemoteWebDriver: chrome on XP (7d8617062babb3c764eadb9c07e5ef8c)] -> css selector: body > app > shell > section > div > div > div > credit-module > div > search-credit > div > toolbar > div > div > h3]</small> </font> </div>]]>
            </line>
            <line>
              <![CDATA[<div class="test-event"> <font color="maroon"> <small> &emsp; &emsp;--- 11 Oct 17:06:03 553 - Element is displayed:: [[RemoteWebDriver: chrome on XP (7d8617062babb3c764eadb9c07e5ef8c)] -> css selector: p-dropdown[name='ProductFamily'] span]</small> </font> </div>]]>
            </line>
            <line>
              <![CDATA[<div class="test-event"> <font color="maroon"> <small> &emsp; &emsp;--- 11 Oct 17:06:05 902 - <b>2</b> - Spinner Load Wait: (Sync) - com.generic.utils.WaitUtils.waitForSpinner(WaitUtils.java:160)</small> </font> </div>]]>
            </line>
            <line>
              <![CDATA[<div class="test-event"> <font color="maroon"> <small> &emsp; &emsp;--- 11 Oct 17:06:08 359 - <b>2</b> - Spinner Load Wait: (Sync) - com.generic.utils.WaitUtils.waitForSpinner(WaitUtils.java:160)</small> </font> </div>]]>
            </line>
            <line>
              <![CDATA[<div class="test-message">&emsp;Selected Type : Consumer loan&emsp;<a href=".\ScreenShot\TC_001_UXP_SS_Sprint11_18691_5.png" target="_blank" >[ScreenShot]</a></div>]]>
            </line>
            <line>
              <![CDATA[<div class="test-event"> <font color="maroon"> <small> &emsp; &emsp;--- 11 Oct 17:06:08 990 - Element is displayed:: [[RemoteWebDriver: chrome on XP (7d8617062babb3c764eadb9c07e5ef8c)] -> css selector: #ui-accordiontab-0-content > div > form > div > div.savecancel.morebuttons > button.clickbut.maxwidth50]</small> </font> </div>]]>
            </line>
            <line>
              <![CDATA[<div class="test-event"> <font color="maroon"> <small> &emsp; &emsp;--- 11 Oct 17:06:11 410 - <b>2</b> - Spinner Load Wait: (Sync) - com.generic.utils.WaitUtils.waitForSpinner(WaitUtils.java:160)</small> </font> </div>]]>
            </line>
            <line>
              <![CDATA[<div class="test-message">&emsp;Clicked Search Button &emsp;</div>]]>
            </line>
            <line>
              <![CDATA[<div class="test-message">&emsp;mytest3is found&emsp;<a href=".\ScreenShot\TC_001_UXP_SS_Sprint11_18691_6.png" target="_blank" >[ScreenShot]</a></div>]]>
            </line>
            <line>
              <![CDATA[<div class="test-event"> <font color="maroon"> <small> &emsp; &emsp;--- 11 Oct 17:06:14 411 - <b>2</b> - Spinner Load Wait: (Sync) - com.generic.utils.WaitUtils.waitForSpinner(WaitUtils.java:160)</small> </font> </div>]]>
            </line>
            <line>
              <![CDATA[<div class="test-message">&emsp;mytest3is found&emsp;<a href=".\ScreenShot\TC_001_UXP_SS_Sprint11_18691_7.png" target="_blank" >[ScreenShot]</a></div>]]>
            </line>
            <line>
              <![CDATA[<div class="test-event"> <font color="maroon"> <small> &emsp; &emsp;--- 11 Oct 17:06:17 471 - <b>2</b> - Spinner Load Wait: (Sync) - com.generic.utils.WaitUtils.waitForSpinner(WaitUtils.java:160)</small> </font> </div>]]>
            </line>
            <line>
              <![CDATA[<div class="test-event"> <font color="maroon"> <small> &emsp; &emsp;--- 11 Oct 17:06:17 618 - Element is displayed:: [[RemoteWebDriver: chrome on XP (7d8617062babb3c764eadb9c07e5ef8c)] -> css selector: [class*='fa fa-caret-right cursor-hand collapsed ng-star-inserted'][data-target='#832']]</small> </font> </div>]]>
            </line>
            <line>
              <![CDATA[<div class="test-event"> <font color="maroon"> <small> &emsp; &emsp;--- 11 Oct 17:06:19 997 - <b>2</b> - Spinner Load Wait: (Sync) - com.generic.utils.WaitUtils.waitForSpinner(WaitUtils.java:160)</small> </font> </div>]]>
            </line>
            <line>
              <![CDATA[<div class="test-message">&emsp;Clicked Finance button &emsp;</div>]]>
            </line>
            <line>
              <![CDATA[<div class="test-event"> <font color="maroon"> <small> &emsp; &emsp;--- 11 Oct 17:06:22 307 - <b>2</b> - Spinner Load Wait: (Sync) - com.generic.utils.WaitUtils.waitForSpinner(WaitUtils.java:160)</small> </font> </div>]]>
            </line>
            <line>
              <![CDATA[<div class="test-event"> <font color="maroon"> <small> &emsp; &emsp;--- 11 Oct 17:06:25 231 - <b>2</b> - Spinner Load Wait: (Sync) - com.generic.utils.WaitUtils.waitForSpinner(WaitUtils.java:160)</small> </font> </div>]]>
            </line>
            <line>
              <![CDATA[<div class="test-message">&emsp;Selected Type : DIRECT DEBIT&emsp;<a href=".\ScreenShot\TC_001_UXP_SS_Sprint11_18691_8.png" target="_blank" >[ScreenShot]</a></div>]]>
            </line>
            <line>
              <![CDATA[<div class="test-event"> <font color="maroon"> <small> &emsp; &emsp;--- 11 Oct 17:06:25 684 - Element is displayed:: [[RemoteWebDriver: chrome on XP (7d8617062babb3c764eadb9c07e5ef8c)] -> css selector: [class*='ui-dropdown-trigger ui-state-default ui-corner-right']>span]</small> </font> </div>]]>
            </line>
            <line>
              <![CDATA[<div class="test-event"> <font color="maroon"> <small> &emsp; &emsp;--- 11 Oct 17:06:28 069 - <b>2</b> - Spinner Load Wait: (Sync) - com.generic.utils.WaitUtils.waitForSpinner(WaitUtils.java:160)</small> </font> </div>]]>
            </line>
            <line>
              <![CDATA[<div class="test-event"> <font color="maroon"> <small> &emsp; &emsp;--- 11 Oct 17:06:30 533 - <b>2</b> - Spinner Load Wait: (Sync) - com.generic.utils.WaitUtils.waitForSpinner(WaitUtils.java:160)</small> </font> </div>]]>
            </line>
            <line>
              <![CDATA[<div class="test-message">&emsp;Selected Type : Direct Debit&emsp;<a href=".\ScreenShot\TC_001_UXP_SS_Sprint11_18691_9.png" target="_blank" >[ScreenShot]</a></div>]]>
            </line>
            <line>
              <![CDATA[<div class="test-event"> <font color="maroon"> <small> &emsp; &emsp;--- 11 Oct 17:06:31 239 - Element is displayed:: [[RemoteWebDriver: chrome on XP (7d8617062babb3c764eadb9c07e5ef8c)] -> css selector: div[class*='col-sm-12 no-padding elementright'] button:nth-child(1)]</small> </font> </div>]]>
            </line>
            <line>
              <![CDATA[<div class="test-event"> <font color="maroon"> <small> &emsp; &emsp;--- 11 Oct 17:06:33 636 - <b>2</b> - Spinner Load Wait: (Sync) - com.generic.utils.WaitUtils.waitForSpinner(WaitUtils.java:160)</small> </font> </div>]]>
            </line>
            <line>
              <![CDATA[<div class="test-message">&emsp;Clicked New Button for Direct Debit Mandate&emsp;</div>]]>
            </line>
            <line>
              <![CDATA[<div class="test-event"> <font color="maroon"> <small> &emsp; &emsp;--- 11 Oct 17:06:33 808 - Element is displayed:: [[RemoteWebDriver: chrome on XP (7d8617062babb3c764eadb9c07e5ef8c)] -> css selector: [name='DirectDebitNbr']]</small> </font> </div>]]>
            </line>
            <line>
              <![CDATA[<div class="test-message">&emsp;Entered Credit Reference : 13245&emsp;</div>]]>
            </line>
            <line>
              <![CDATA[<div class="test-event"> <font color="maroon"> <small> &emsp; &emsp;--- 11 Oct 17:06:34 059 - Element is displayed:: [[RemoteWebDriver: chrome on XP (7d8617062babb3c764eadb9c07e5ef8c)] -> css selector: [name='IBANAccount']]</small> </font> </div>]]>
            </line>
            <line>
              <![CDATA[<div class="test-message">&emsp;Entered IBAN Account : BE73103044852060&emsp;</div>]]>
            </line>
            <line>
              <![CDATA[<div class="test-event"> <font color="maroon"> <small> &emsp; &emsp;--- 11 Oct 17:06:34 383 - Element is displayed:: [[RemoteWebDriver: chrome on XP (7d8617062babb3c764eadb9c07e5ef8c)] -> css selector: [name='BICCode']>span>input]</small> </font> </div>]]>
            </line>
            <line>
              <![CDATA[<div class="test-event"> <font color="maroon"> <small> &emsp; &emsp;--- 11 Oct 17:06:36 945 - <b>2</b> - Spinner Load Wait: (Sync) - com.generic.utils.WaitUtils.waitForSpinner(WaitUtils.java:160)</small> </font> </div>]]>
            </line>
            <line>
              <![CDATA[<div class="test-message">&emsp;BARBBEBB - BIC code is enterd &emsp;<a href=".\ScreenShot\TC_001_UXP_SS_Sprint11_18691_10.png" target="_blank" >[ScreenShot]</a></div>]]>
            </line>
            <line>
              <![CDATA[<div class="test-event"> <font color="maroon"> <small> &emsp; &emsp;--- 11 Oct 17:06:37 399 - Element is displayed:: [[RemoteWebDriver: chrome on XP (7d8617062babb3c764eadb9c07e5ef8c)] -> css selector: input[name='StartDate']]</small> </font> </div>]]>
            </line>
            <line>
              <![CDATA[<div class="test-event"> <font color="maroon"> <small> &emsp; &emsp;--- 11 Oct 17:06:41 127 - <b>2</b> - Spinner Load Wait: (Sync) - com.generic.utils.WaitUtils.waitForSpinner(WaitUtils.java:160)</small> </font> </div>]]>
            </line>
            <line>
              <![CDATA[<div class="test-message">&emsp;Entered the Date date for expected prepayment date : 09/10/2018&emsp;<a href=".\ScreenShot\TC_001_UXP_SS_Sprint11_18691_11.png" target="_blank" >[ScreenShot]</a></div>]]>
            </line>
            <line>
              <![CDATA[<div class="test-event"> <font color="maroon"> <small> &emsp; &emsp;--- 11 Oct 17:06:41 677 - Element is displayed:: [[RemoteWebDriver: chrome on XP (7d8617062babb3c764eadb9c07e5ef8c)] -> css selector: [class*='clickbut maxwidth30 ng-star-inserted'][type='submit']]</small> </font> </div>]]>
            </line>
            <line>
              <![CDATA[<div class="test-event"> <font color="maroon"> <small> &emsp; &emsp;--- 11 Oct 17:06:44 092 - <b>2</b> - Spinner Load Wait: (Sync) - com.generic.utils.WaitUtils.waitForSpinner(WaitUtils.java:160)</small> </font> </div>]]>
            </line>
            <line>
              <![CDATA[<div class="test-message">&emsp;Clicked Save Button &emsp;</div>]]>
            </line>
            <line>
              <![CDATA[<div class="test-event"> <font color="maroon"> <small> &emsp; &emsp;--- 11 Oct 17:06:44 271 - Element is displayed:: [[RemoteWebDriver: chrome on XP (7d8617062babb3c764eadb9c07e5ef8c)] -> css selector: div[class*='col-sm-12 no-padding elementright'] button:nth-child(2)]</small> </font> </div>]]>
            </line>
            <line>
              <![CDATA[<div class="test-event"> <font color="maroon"> <small> &emsp; &emsp;--- 11 Oct 17:06:46 691 - <b>2</b> - Spinner Load Wait: (Sync) - com.generic.utils.WaitUtils.waitForSpinner(WaitUtils.java:160)</small> </font> </div>]]>
            </line>
            <line>
              <![CDATA[<div class="test-message">&emsp;Clicked Update Button for Direct Debit Mandate&emsp;</div>]]>
            </line>
            <line>
              <![CDATA[<div class="test-message">&emsp;Strat date is disable</div>]]>
            </line>
            <line>
              <![CDATA[<div class="test-result"><br><font color="red"><strong> Date fields are disable&emsp;<a href=".\ScreenShot\TC_001_UXP_SS_Sprint11_18691_12.png" target="_blank" >[ScreenShot]</a> </strong></font> </div>&emsp;]]>
            </line>
            <line>
              <![CDATA[<div class="test-message">&emsp;Date fields are disable&emsp;<a href=".\ScreenShot\TC_001_UXP_SS_Sprint11_18691_13.png" target="_blank" >[ScreenShot]</a></div>]]>
            </line>
            <line>
              <![CDATA[<div class="test-event"> <font color="maroon"> <small> &emsp; &emsp;--- 11 Oct 17:06:47 559 - Element is displayed:: [[RemoteWebDriver: chrome on XP (7d8617062babb3c764eadb9c07e5ef8c)] -> css selector: [name='DirectDebitNbr']]</small> </font> </div>]]>
            </line>
            <line>
              <![CDATA[<div class="test-message">&emsp;Entered Credit Reference : 132455745&emsp;</div>]]>
            </line>
            <line>
              <![CDATA[<div class="test-event"> <font color="maroon"> <small> &emsp; &emsp;--- 11 Oct 17:06:47 790 - Element is displayed:: [[RemoteWebDriver: chrome on XP (7d8617062babb3c764eadb9c07e5ef8c)] -> css selector: [class*='clickbut maxwidth30 ng-star-inserted'][type='submit']]</small> </font> </div>]]>
            </line>
            <line>
              <![CDATA[<div class="test-event"> <font color="maroon"> <small> &emsp; &emsp;--- 11 Oct 17:06:50 193 - <b>2</b> - Spinner Load Wait: (Sync) - com.generic.utils.WaitUtils.waitForSpinner(WaitUtils.java:160)</small> </font> </div>]]>
            </line>
            <line>
              <![CDATA[<div class="test-message">&emsp;Clicked Save Button &emsp;</div>]]>
            </line>
            <line>
              <![CDATA[<div class="test-event"> <font color="maroon"> <small> &emsp; &emsp;--- 11 Oct 17:06:50 371 - Element is displayed:: [[RemoteWebDriver: chrome on XP (7d8617062babb3c764eadb9c07e5ef8c)] -> css selector: div[class*='col-sm-12 no-padding elementright'] button:nth-child(3)]</small> </font> </div>]]>
            </line>
            <line>
              <![CDATA[<div class="test-event"> <font color="maroon"> <small> &emsp; &emsp;--- 11 Oct 17:06:52 784 - <b>2</b> - Spinner Load Wait: (Sync) - com.generic.utils.WaitUtils.waitForSpinner(WaitUtils.java:160)</small> </font> </div>]]>
            </line>
            <line>
              <![CDATA[<div class="test-message">&emsp;Clicked Close Button for Direct Debit Mandate&emsp;</div>]]>
            </line>
            <line>
              <![CDATA[<div class="test-message">&emsp;End date is enable[[RemoteWebDriver: chrome on XP (7d8617062babb3c764eadb9c07e5ef8c)] -> css selector: p-calendar[name='EndDate']]</div>]]>
            </line>
            <line>
              <![CDATA[<div class="test-result"><br><font color="red"><strong> End Date fields are enable&emsp;<a href=".\ScreenShot\TC_001_UXP_SS_Sprint11_18691_14.png" target="_blank" >[ScreenShot]</a> </strong></font> </div>&emsp;]]>
            </line>
            <line>
              <![CDATA[<div class="test-message">&emsp;End Date fields are enable&emsp;<a href=".\ScreenShot\TC_001_UXP_SS_Sprint11_18691_15.png" target="_blank" >[ScreenShot]</a></div>]]>
            </line>
            <line>
              <![CDATA[<div class="test-event"> <font color="maroon"> <small> &emsp; &emsp;--- 11 Oct 17:06:53 638 - Element is displayed:: [[RemoteWebDriver: chrome on XP (7d8617062babb3c764eadb9c07e5ef8c)] -> css selector: div[class*='col-sm-12 no-padding elementright'] button:nth-child(4)]</small> </font> </div>]]>
            </line>
            <line>
              <![CDATA[<div class="test-event"> <font color="maroon"> <small> &emsp; &emsp;--- 11 Oct 17:06:56 051 - <b>2</b> - Spinner Load Wait: (Sync) - com.generic.utils.WaitUtils.waitForSpinner(WaitUtils.java:160)</small> </font> </div>]]>
            </line>
            <line>
              <![CDATA[<div class="test-message">&emsp;Clicked suspend Button for Direct Debit Mandate&emsp;</div>]]>
            </line>
            <line>
              <![CDATA[<div class="test-message">&emsp;suspend date is enable[[RemoteWebDriver: chrome on XP (7d8617062babb3c764eadb9c07e5ef8c)] -> css selector: p-calendar[name='SuspendDate']]</div>]]>
            </line>
            <line>
              <![CDATA[<div class="test-result"><br><font color="red"><strong> Suspend Date fields are enable&emsp;<a href=".\ScreenShot\TC_001_UXP_SS_Sprint11_18691_16.png" target="_blank" >[ScreenShot]</a> </strong></font> </div>&emsp;]]>
            </line>
            <line>
              <![CDATA[<div class="test-message">&emsp;Suspend Date fields are enable&emsp;<a href=".\ScreenShot\TC_001_UXP_SS_Sprint11_18691_17.png" target="_blank" >[ScreenShot]</a></div>]]>
            </line>
            <line>
              <![CDATA[<div class="test-message">&emsp;until date is enable[[RemoteWebDriver: chrome on XP (7d8617062babb3c764eadb9c07e5ef8c)] -> css selector: p-calendar[name='Until']]</div>]]>
            </line>
            <line>
              <![CDATA[<div class="test-result"><br><font color="red"><strong> Until Date fields are enable&emsp;<a href=".\ScreenShot\TC_001_UXP_SS_Sprint11_18691_18.png" target="_blank" >[ScreenShot]</a> </strong></font> </div>&emsp;]]>
            </line>
            <line>
              <![CDATA[<div class="test-message">&emsp;Until Date fields are enable&emsp;<a href=".\ScreenShot\TC_001_UXP_SS_Sprint11_18691_19.png" target="_blank" >[ScreenShot]</a></div>]]>
            </line>
            <line>
              <![CDATA[<div class="test-event"> <font color="maroon"> <small> &emsp; &emsp;--- 11 Oct 17:06:57 776 - Element is displayed:: [[RemoteWebDriver: chrome on XP (7d8617062babb3c764eadb9c07e5ef8c)] -> css selector: [class*='ui-dropdown-trigger ui-state-default ui-corner-right']>span]</small> </font> </div>]]>
            </line>
            <line>
              <![CDATA[<div class="test-event"> <font color="maroon"> <small> &emsp; &emsp;--- 11 Oct 17:07:00 250 - <b>2</b> - Spinner Load Wait: (Sync) - com.generic.utils.WaitUtils.waitForSpinner(WaitUtils.java:160)</small> </font> </div>]]>
            </line>
            <line>
              <![CDATA[<div class="test-event"> <font color="maroon"> <small> &emsp; &emsp;--- 11 Oct 17:07:02 704 - <b>2</b> - Spinner Load Wait: (Sync) - com.generic.utils.WaitUtils.waitForSpinner(WaitUtils.java:160)</small> </font> </div>]]>
            </line>
            <line>
              <![CDATA[<div class="test-message">&emsp;Selected Type : BANK TRANSFER&emsp;<a href=".\ScreenShot\TC_001_UXP_SS_Sprint11_18691_20.png" target="_blank" >[ScreenShot]</a></div>]]>
            </line>
            <line>
              <![CDATA[<div class="test-event"> <font color="maroon"> <small> &emsp; &emsp;--- 11 Oct 17:07:03 371 - Element is displayed:: [[RemoteWebDriver: chrome on XP (7d8617062babb3c764eadb9c07e5ef8c)] -> css selector: [name='PaymentReference']]</small> </font> </div>]]>
            </line>
            <line>
              <![CDATA[<div class="test-message">&emsp;Entered Credit Reference : PaymentReferencetest001&emsp;</div>]]>
            </line>
            <line>
              <![CDATA[<div class="test-event"> <font color="maroon"> <small> &emsp; &emsp;--- 11 Oct 17:07:03 705 - Element is displayed:: [[RemoteWebDriver: chrome on XP (7d8617062babb3c764eadb9c07e5ef8c)] -> css selector: [name='CreditIBANAccount']]</small> </font> </div>]]>
            </line>
            <line>
              <![CDATA[<div class="test-message">&emsp;Entered Credit Reference : NL30ABNA0537284184&emsp;</div>]]>
            </line>
            <line>
              <![CDATA[<div class="test-event"> <font color="maroon"> <small> &emsp; &emsp;--- 11 Oct 17:07:04 025 - Element is displayed:: [[RemoteWebDriver: chrome on XP (7d8617062babb3c764eadb9c07e5ef8c)] -> css selector: [class*='clickbut maxwidth30 ng-star-inserted'][type='submit']]</small> </font> </div>]]>
            </line>
            <line>
              <![CDATA[<div class="test-event"> <font color="maroon"> <small> &emsp; &emsp;--- 11 Oct 17:07:06 406 - <b>2</b> - Spinner Load Wait: (Sync) - com.generic.utils.WaitUtils.waitForSpinner(WaitUtils.java:160)</small> </font> </div>]]>
            </line>
            <line>
              <![CDATA[<div class="test-message">&emsp;Clicked Save Button &emsp;</div>]]>
            </line>
            <line>
              <![CDATA[<div class="test-event"> <font color="maroon"> <small> &emsp; &emsp;--- 11 Oct 17:07:06 528 - Element is displayed:: [[RemoteWebDriver: chrome on XP (7d8617062babb3c764eadb9c07e5ef8c)] -> css selector: [class*='ui-dropdown-trigger ui-state-default ui-corner-right']>span]</small> </font> </div>]]>
            </line>
            <line>
              <![CDATA[<div class="test-event"> <font color="maroon"> <small> &emsp; &emsp;--- 11 Oct 17:07:08 889 - <b>2</b> - Spinner Load Wait: (Sync) - com.generic.utils.WaitUtils.waitForSpinner(WaitUtils.java:160)</small> </font> </div>]]>
            </line>
            <line>
              <![CDATA[<div class="test-event"> <font color="maroon"> <small> &emsp; &emsp;--- 11 Oct 17:07:11 343 - <b>2</b> - Spinner Load Wait: (Sync) - com.generic.utils.WaitUtils.waitForSpinner(WaitUtils.java:160)</small> </font> </div>]]>
            </line>
            <line>
              <![CDATA[<div class="test-message">&emsp;Selected Type : Permanent Order&emsp;<a href=".\ScreenShot\TC_001_UXP_SS_Sprint11_18691_21.png" target="_blank" >[ScreenShot]</a></div>]]>
            </line>
            <line>
              <![CDATA[<div class="test-event"> <font color="maroon"> <small> &emsp; &emsp;--- 11 Oct 17:07:12 056 - Element is displayed:: [[RemoteWebDriver: chrome on XP (7d8617062babb3c764eadb9c07e5ef8c)] -> css selector: [name='PaymentReference']]</small> </font> </div>]]>
            </line>
            <line>
              <![CDATA[<div class="test-message">&emsp;Entered Credit Reference : PaymentReferencetest002&emsp;</div>]]>
            </line>
            <line>
              <![CDATA[<div class="test-event"> <font color="maroon"> <small> &emsp; &emsp;--- 11 Oct 17:07:12 363 - Element is displayed:: [[RemoteWebDriver: chrome on XP (7d8617062babb3c764eadb9c07e5ef8c)] -> css selector: [name='CreditIBANAccount']]</small> </font> </div>]]>
            </line>
            <line>
              <![CDATA[<div class="test-message">&emsp;Entered Credit Reference : NL30ABNA0537284184&emsp;</div>]]>
            </line>
            <line>
              <![CDATA[<div class="test-event"> <font color="maroon"> <small> &emsp; &emsp;--- 11 Oct 17:07:12 675 - Element is displayed:: [[RemoteWebDriver: chrome on XP (7d8617062babb3c764eadb9c07e5ef8c)] -> css selector: [name='PermanentOrderAmt']]</small> </font> </div>]]>
            </line>
            <line>
              <![CDATA[<div class="test-message">&emsp;Entered Credit Reference : 10&emsp;</div>]]>
            </line>
            <line>
              <![CDATA[<div class="test-event"> <font color="maroon"> <small> &emsp; &emsp;--- 11 Oct 17:07:12 863 - Element is displayed:: [[RemoteWebDriver: chrome on XP (7d8617062babb3c764eadb9c07e5ef8c)] -> css selector: [class*='clickbut maxwidth30 ng-star-inserted'][type='submit']]</small> </font> </div>]]>
            </line>
            <line>
              <![CDATA[<div class="test-event"> <font color="maroon"> <small> &emsp; &emsp;--- 11 Oct 17:07:15 279 - <b>2</b> - Spinner Load Wait: (Sync) - com.generic.utils.WaitUtils.waitForSpinner(WaitUtils.java:160)</small> </font> </div>]]>
            </line>
            <line>
              <![CDATA[<div class="test-message">&emsp;Clicked Save Button &emsp;</div>]]>
            </line>
            <line>
              <![CDATA[<div class="test-result"><br><font color="green"><strong> Test Passed. </strong></font> </div>&emsp;]]>
            </line>
          </reporter-output>
        </test-method> <!-- TC_001 -->
        <test-method status="PASS" signature="afterSuite()[pri:0, instance:com.davinci_Testscripts.davinci_Script@3d0f8e03]" name="afterSuite" is-config="true" duration-ms="2311" started-at="2018-10-11T11:37:15Z" finished-at="2018-10-11T11:37:17Z">
          <reporter-output>
          </reporter-output>
        </test-method> <!-- afterSuite -->
      </class> <!-- com.davinci_Testscripts.davinci_Script -->
    </test> <!-- UXP_SS_Sprint11_18691 -->
  </suite> <!-- PureBroker_Smoke -->
</testng-results>
