<?xml version="1.0" encoding="UTF-8"?>
<!-- Generated by org.testng.reporters.JUnitXMLReporter -->
<testsuite hostname="aspirenav145" ignored="2" name="Default test" tests="1" failures="0" timestamp="11 Oct 2018 05:16:34 GMT" time="0.018" errors="0">
  <testcase name="TC_003" time="0.0" classname="com.davinci_Testscripts.davinci_Script">
    <skipped/>
  </testcase> <!-- TC_003 -->
  <testcase name="TC_002" time="0.0" classname="com.davinci_Testscripts.davinci_Script">
    <ignored/>
  </testcase> <!-- TC_002 -->
  <testcase name="TC_001" time="0.0" classname="com.davinci_Testscripts.davinci_Script">
    <ignored/>
  </testcase> <!-- TC_001 -->
</testsuite> <!-- Default test -->
