<?xml version="1.0" encoding="UTF-8"?>
<!-- Generated by org.testng.reporters.JUnitXMLReporter -->
<testsuite hostname="aspirenav145" ignored="24" name="UXP_Sprint05" tests="1" failures="0" timestamp="10 Aug 2018 11:56:55 GMT" time="154.936" errors="0">
  <testcase name="TC_20726" time="150.612" classname="com.pure.Renewals.Household_Renewal"/>
  <testcase name="TC_20720" time="0.0" classname="com.pure.Renewals.Household_Renewal">
    <ignored/>
  </testcase> <!-- TC_20720 -->
  <testcase name="TC_20731" time="0.0" classname="com.pure.Renewals.Household_Renewal">
    <ignored/>
  </testcase> <!-- TC_20731 -->
  <testcase name="TC_20722" time="0.0" classname="com.pure.Renewals.Household_Renewal">
    <ignored/>
  </testcase> <!-- TC_20722 -->
  <testcase name="TC_20931" time="0.0" classname="com.pure.Renewals.Household_Renewal">
    <ignored/>
  </testcase> <!-- TC_20931 -->
  <testcase name="TC_20733" time="0.0" classname="com.pure.Renewals.Household_Renewal">
    <ignored/>
  </testcase> <!-- TC_20733 -->
  <testcase name="TC_20730" time="0.0" classname="com.pure.Renewals.Household_Renewal">
    <ignored/>
  </testcase> <!-- TC_20730 -->
  <testcase name="TC_20728" time="0.0" classname="com.pure.Renewals.Household_Renewal">
    <ignored/>
  </testcase> <!-- TC_20728 -->
  <testcase name="TC_20717" time="0.0" classname="com.pure.Renewals.Household_Renewal">
    <ignored/>
  </testcase> <!-- TC_20717 -->
  <testcase name="TC_20725" time="0.0" classname="com.pure.Renewals.Household_Renewal">
    <ignored/>
  </testcase> <!-- TC_20725 -->
  <testcase name="TC_20714" time="0.0" classname="com.pure.Renewals.Household_Renewal">
    <ignored/>
  </testcase> <!-- TC_20714 -->
  <testcase name="TC_20719" time="0.0" classname="com.pure.Renewals.Household_Renewal">
    <ignored/>
  </testcase> <!-- TC_20719 -->
  <testcase name="TC_20708" time="0.0" classname="com.pure.Renewals.Household_Renewal">
    <ignored/>
  </testcase> <!-- TC_20708 -->
  <testcase name="TC_20716" time="0.0" classname="com.pure.Renewals.Household_Renewal">
    <ignored/>
  </testcase> <!-- TC_20716 -->
  <testcase name="TC_20727" time="0.0" classname="com.pure.Renewals.Household_Renewal">
    <ignored/>
  </testcase> <!-- TC_20727 -->
  <testcase name="TC_20724" time="0.0" classname="com.pure.Renewals.Household_Renewal">
    <ignored/>
  </testcase> <!-- TC_20724 -->
  <testcase name="TC_20732" time="0.0" classname="com.pure.Renewals.Household_Renewal">
    <ignored/>
  </testcase> <!-- TC_20732 -->
  <testcase name="TC_20710" time="0.0" classname="com.pure.Renewals.Household_Renewal">
    <ignored/>
  </testcase> <!-- TC_20710 -->
  <testcase name="TC_20721" time="0.0" classname="com.pure.Renewals.Household_Renewal">
    <ignored/>
  </testcase> <!-- TC_20721 -->
  <testcase name="TC_20748" time="0.0" classname="com.pure.Renewals.Household_Renewal">
    <ignored/>
  </testcase> <!-- TC_20748 -->
  <testcase name="TC_20932" time="0.0" classname="com.pure.Renewals.Household_Renewal">
    <ignored/>
  </testcase> <!-- TC_20932 -->
  <testcase name="TC_20712" time="0.0" classname="com.pure.Renewals.Household_Renewal">
    <ignored/>
  </testcase> <!-- TC_20712 -->
  <testcase name="TC_20723" time="0.0" classname="com.pure.Renewals.Household_Renewal">
    <ignored/>
  </testcase> <!-- TC_20723 -->
  <testcase name="TC_20718" time="0.0" classname="com.pure.Renewals.Household_Renewal">
    <ignored/>
  </testcase> <!-- TC_20718 -->
  <testcase name="TC_20729" time="0.0" classname="com.pure.Renewals.Household_Renewal">
    <ignored/>
  </testcase> <!-- TC_20729 -->
</testsuite> <!-- UXP_Sprint05 -->
