<?xml version="1.0" encoding="UTF-8"?>
<!-- Generated by org.testng.reporters.JUnitXMLReporter -->
<testsuite hostname="aspirenav145" ignored="0" name="UXP_PBPhase2_HouseHold_18698" tests="11" failures="0" timestamp="02 Jul 2018 08:07:49 GMT" time="968.228" errors="0">
  <testcase name="TC_22006" time="60.997" classname="com.pure.Renewals.Household_Renewal_PaymentRequiredPage"/>
  <testcase name="TC_22007" time="62.871" classname="com.pure.Renewals.Household_Renewal_PaymentRequiredPage"/>
  <testcase name="TC_22008" time="69.451" classname="com.pure.Renewals.Household_Renewal_PaymentRequiredPage"/>
  <testcase name="TC_22009" time="72.27" classname="com.pure.Renewals.Household_Renewal_PaymentRequiredPage"/>
  <testcase name="TC_22010" time="120.337" classname="com.pure.Renewals.Household_Renewal_PaymentRequiredPage"/>
  <testcase name="TC_22011" time="121.161" classname="com.pure.Renewals.Household_Renewal_PaymentRequiredPage"/>
  <testcase name="TC_22015" time="78.821" classname="com.pure.Renewals.Household_Renewal_PaymentRequiredPage"/>
  <testcase name="TC_22019" time="62.963" classname="com.pure.Renewals.Household_Renewal_PaymentRequiredPage"/>
  <testcase name="TC_22021" time="63.595" classname="com.pure.Renewals.Household_Renewal_PaymentRequiredPage"/>
  <testcase name="TC_22023" time="71.749" classname="com.pure.Renewals.Household_Renewal_PaymentRequiredPage"/>
  <testcase name="TC_22024" time="63.91" classname="com.pure.Renewals.Household_Renewal_PaymentRequiredPage"/>
</testsuite> <!-- UXP_PBPhase2_HouseHold_18698 -->
