<?xml version="1.0" encoding="UTF-8"?>
<!-- Generated by org.testng.reporters.JUnitXMLReporter -->
<testsuite hostname="aspirenav145" ignored="0" name="UXP_PBPhase2_Motor_18689" tests="11" failures="0" timestamp="02 Jul 2018 07:51:41 GMT" time="914.402" errors="0">
  <testcase name="TC_21985" time="64.726" classname="com.pure.Renewals.Motor_Renewal_PaymentRequiredPage"/>
  <testcase name="TC_21986" time="62.848" classname="com.pure.Renewals.Motor_Renewal_PaymentRequiredPage"/>
  <testcase name="TC_21987" time="72.37" classname="com.pure.Renewals.Motor_Renewal_PaymentRequiredPage"/>
  <testcase name="TC_21988" time="75.685" classname="com.pure.Renewals.Motor_Renewal_PaymentRequiredPage"/>
  <testcase name="TC_21989" time="85.027" classname="com.pure.Renewals.Motor_Renewal_PaymentRequiredPage"/>
  <testcase name="TC_21990" time="65.935" classname="com.pure.Renewals.Motor_Renewal_PaymentRequiredPage"/>
  <testcase name="TC_21994" time="90.333" classname="com.pure.Renewals.Motor_Renewal_PaymentRequiredPage"/>
  <testcase name="TC_21998" time="76.454" classname="com.pure.Renewals.Motor_Renewal_PaymentRequiredPage"/>
  <testcase name="TC_22000" time="65.969" classname="com.pure.Renewals.Motor_Renewal_PaymentRequiredPage"/>
  <testcase name="TC_22002" time="62.64" classname="com.pure.Renewals.Motor_Renewal_PaymentRequiredPage"/>
  <testcase name="TC_22003" time="73.154" classname="com.pure.Renewals.Motor_Renewal_PaymentRequiredPage"/>
</testsuite> <!-- UXP_PBPhase2_Motor_18689 -->
