<?xml version="1.0" encoding="UTF-8"?>
<!-- Generated by org.testng.reporters.JUnitXMLReporter -->
<testsuite hostname="aspirenav145" ignored="2" name="UXP_SS_Sprint11_18691" tests="1" failures="0" timestamp="11 Oct 2018 11:37:15 GMT" time="106.484" errors="0">
  <testcase name="TC_001" time="102.542" classname="com.davinci_Testscripts.davinci_Script"/>
  <testcase name="TC_003" time="0.0" classname="com.davinci_Testscripts.davinci_Script">
    <ignored/>
  </testcase> <!-- TC_003 -->
  <testcase name="TC_002" time="0.0" classname="com.davinci_Testscripts.davinci_Script">
    <ignored/>
  </testcase> <!-- TC_002 -->
</testsuite> <!-- UXP_SS_Sprint11_18691 -->
