<?xml version="1.0" encoding="UTF-8"?>
<!-- Generated by org.testng.reporters.JUnitXMLReporter -->
<testsuite hostname="aspirenav145" ignored="109" tests="0" failures="0" timestamp="03 Jul 2018 05:34:59 GMT" time="0.005" errors="0">
  <testcase name="TC_045" time="0.0" classname="com.pure.selfservice.testscripts.PB_Household">
    <ignored/>
  </testcase> <!-- TC_045 -->
  <testcase name="TC_046" time="0.0" classname="com.pure.selfservice.testscripts.PB_Household">
    <ignored/>
  </testcase> <!-- TC_046 -->
  <testcase name="TC_044" time="0.0" classname="com.pure.selfservice.testscripts.PB_Household">
    <ignored/>
  </testcase> <!-- TC_044 -->
  <testcase name="TC_049" time="0.0" classname="com.pure.selfservice.testscripts.PB_Household">
    <ignored/>
  </testcase> <!-- TC_049 -->
  <testcase name="TC_047" time="0.0" classname="com.pure.selfservice.testscripts.PB_Household">
    <ignored/>
  </testcase> <!-- TC_047 -->
  <testcase name="TC_048" time="0.0" classname="com.pure.selfservice.testscripts.PB_Household">
    <ignored/>
  </testcase> <!-- TC_048 -->
  <testcase name="TC_054" time="0.0" classname="com.pure.selfservice.testscripts.PB_Household">
    <ignored/>
  </testcase> <!-- TC_054 -->
  <testcase name="TC_052" time="0.0" classname="com.pure.selfservice.testscripts.PB_Household">
    <ignored/>
  </testcase> <!-- TC_052 -->
  <testcase name="TC_053" time="0.0" classname="com.pure.selfservice.testscripts.PB_Household">
    <ignored/>
  </testcase> <!-- TC_053 -->
  <testcase name="TC_050" time="0.0" classname="com.pure.selfservice.testscripts.PB_Household">
    <ignored/>
  </testcase> <!-- TC_050 -->
  <testcase name="TC_051" time="0.0" classname="com.pure.selfservice.testscripts.PB_Household">
    <ignored/>
  </testcase> <!-- TC_051 -->
  <testcase name="TC_034" time="0.0" classname="com.pure.selfservice.testscripts.PB_Household">
    <ignored/>
  </testcase> <!-- TC_034 -->
  <testcase name="TC_035" time="0.0" classname="com.pure.selfservice.testscripts.PB_Household">
    <ignored/>
  </testcase> <!-- TC_035 -->
  <testcase name="TC_033" time="0.0" classname="com.pure.selfservice.testscripts.PB_Household">
    <ignored/>
  </testcase> <!-- TC_033 -->
  <testcase name="TC_038" time="0.0" classname="com.pure.selfservice.testscripts.PB_Household">
    <ignored/>
  </testcase> <!-- TC_038 -->
  <testcase name="TC_039" time="0.0" classname="com.pure.selfservice.testscripts.PB_Household">
    <ignored/>
  </testcase> <!-- TC_039 -->
  <testcase name="TC_036" time="0.0" classname="com.pure.selfservice.testscripts.PB_Household">
    <ignored/>
  </testcase> <!-- TC_036 -->
  <testcase name="TC_037" time="0.0" classname="com.pure.selfservice.testscripts.PB_Household">
    <ignored/>
  </testcase> <!-- TC_037 -->
  <testcase name="TC_043" time="0.0" classname="com.pure.selfservice.testscripts.PB_Household">
    <ignored/>
  </testcase> <!-- TC_043 -->
  <testcase name="TC_106" time="0.0" classname="com.pure.selfservice.testscripts.PB_Household">
    <ignored/>
  </testcase> <!-- TC_106 -->
  <testcase name="TC_041" time="0.0" classname="com.pure.selfservice.testscripts.PB_Household">
    <ignored/>
  </testcase> <!-- TC_041 -->
  <testcase name="TC_042" time="0.0" classname="com.pure.selfservice.testscripts.PB_Household">
    <ignored/>
  </testcase> <!-- TC_042 -->
  <testcase name="TC_040" time="0.0" classname="com.pure.selfservice.testscripts.PB_Household">
    <ignored/>
  </testcase> <!-- TC_040 -->
  <testcase name="TC_067" time="0.0" classname="com.pure.selfservice.testscripts.PB_Household">
    <ignored/>
  </testcase> <!-- TC_067 -->
  <testcase name="TC_100" time="0.0" classname="com.pure.selfservice.testscripts.PB_Household">
    <ignored/>
  </testcase> <!-- TC_100 -->
  <testcase name="TC_068" time="0.0" classname="com.pure.selfservice.testscripts.PB_Household">
    <ignored/>
  </testcase> <!-- TC_068 -->
  <testcase name="TC_101" time="0.0" classname="com.pure.selfservice.testscripts.PB_Household">
    <ignored/>
  </testcase> <!-- TC_101 -->
  <testcase name="TC_066" time="0.0" classname="com.pure.selfservice.testscripts.PB_Household">
    <ignored/>
  </testcase> <!-- TC_066 -->
  <testcase name="TC_104" time="0.0" classname="com.pure.selfservice.testscripts.PB_Household">
    <ignored/>
  </testcase> <!-- TC_104 -->
  <testcase name="TC_105" time="0.0" classname="com.pure.selfservice.testscripts.PB_Household">
    <ignored/>
  </testcase> <!-- TC_105 -->
  <testcase name="TC_069" time="0.0" classname="com.pure.selfservice.testscripts.PB_Household">
    <ignored/>
  </testcase> <!-- TC_069 -->
  <testcase name="TC_102" time="0.0" classname="com.pure.selfservice.testscripts.PB_Household">
    <ignored/>
  </testcase> <!-- TC_102 -->
  <testcase name="TC_103" time="0.0" classname="com.pure.selfservice.testscripts.PB_Household">
    <ignored/>
  </testcase> <!-- TC_103 -->
  <testcase name="TC_108" time="0.0" classname="com.pure.selfservice.testscripts.PB_Household">
    <ignored/>
  </testcase> <!-- TC_108 -->
  <testcase name="TC_109" time="0.0" classname="com.pure.selfservice.testscripts.PB_Household">
    <ignored/>
  </testcase> <!-- TC_109 -->
  <testcase name="TC_107" time="0.0" classname="com.pure.selfservice.testscripts.PB_Household">
    <ignored/>
  </testcase> <!-- TC_107 -->
  <testcase name="TC_076" time="0.0" classname="com.pure.selfservice.testscripts.PB_Household">
    <ignored/>
  </testcase> <!-- TC_076 -->
  <testcase name="TC_070" time="0.0" classname="com.pure.selfservice.testscripts.PB_Household">
    <ignored/>
  </testcase> <!-- TC_070 -->
  <testcase name="TC_071" time="0.0" classname="com.pure.selfservice.testscripts.PB_Household">
    <ignored/>
  </testcase> <!-- TC_071 -->
  <testcase name="TC_074" time="0.0" classname="com.pure.selfservice.testscripts.PB_Household">
    <ignored/>
  </testcase> <!-- TC_074 -->
  <testcase name="TC_075" time="0.0" classname="com.pure.selfservice.testscripts.PB_Household">
    <ignored/>
  </testcase> <!-- TC_075 -->
  <testcase name="TC_072" time="0.0" classname="com.pure.selfservice.testscripts.PB_Household">
    <ignored/>
  </testcase> <!-- TC_072 -->
  <testcase name="TC_073" time="0.0" classname="com.pure.selfservice.testscripts.PB_Household">
    <ignored/>
  </testcase> <!-- TC_073 -->
  <testcase name="TC_056" time="0.0" classname="com.pure.selfservice.testscripts.PB_Household">
    <ignored/>
  </testcase> <!-- TC_056 -->
  <testcase name="TC_057" time="0.0" classname="com.pure.selfservice.testscripts.PB_Household">
    <ignored/>
  </testcase> <!-- TC_057 -->
  <testcase name="TC_055" time="0.0" classname="com.pure.selfservice.testscripts.PB_Household">
    <ignored/>
  </testcase> <!-- TC_055 -->
  <testcase name="TC_058" time="0.0" classname="com.pure.selfservice.testscripts.PB_Household">
    <ignored/>
  </testcase> <!-- TC_058 -->
  <testcase name="TC_059" time="0.0" classname="com.pure.selfservice.testscripts.PB_Household">
    <ignored/>
  </testcase> <!-- TC_059 -->
  <testcase name="TC_065" time="0.0" classname="com.pure.selfservice.testscripts.PB_Household">
    <ignored/>
  </testcase> <!-- TC_065 -->
  <testcase name="TC_060" time="0.0" classname="com.pure.selfservice.testscripts.PB_Household">
    <ignored/>
  </testcase> <!-- TC_060 -->
  <testcase name="TC_007" time="0.0" classname="com.pure.selfservice.testscripts.PB_Household">
    <ignored/>
  </testcase> <!-- TC_007 -->
  <testcase name="TC_063" time="0.0" classname="com.pure.selfservice.testscripts.PB_Household">
    <ignored/>
  </testcase> <!-- TC_063 -->
  <testcase name="TC_064" time="0.0" classname="com.pure.selfservice.testscripts.PB_Household">
    <ignored/>
  </testcase> <!-- TC_064 -->
  <testcase name="TC_061" time="0.0" classname="com.pure.selfservice.testscripts.PB_Household">
    <ignored/>
  </testcase> <!-- TC_061 -->
  <testcase name="TC_062" time="0.0" classname="com.pure.selfservice.testscripts.PB_Household">
    <ignored/>
  </testcase> <!-- TC_062 -->
  <testcase name="TC_089" time="0.0" classname="com.pure.selfservice.testscripts.PB_Household">
    <ignored/>
  </testcase> <!-- TC_089 -->
  <testcase name="TC_001" time="0.0" classname="com.pure.selfservice.testscripts.PB_Household">
    <ignored/>
  </testcase> <!-- TC_001 -->
  <testcase name="TC_002" time="0.0" classname="com.pure.selfservice.testscripts.PB_Household">
    <ignored/>
  </testcase> <!-- TC_002 -->
  <testcase name="TC_088" time="0.0" classname="com.pure.selfservice.testscripts.PB_Household">
    <ignored/>
  </testcase> <!-- TC_088 -->
  <testcase name="TC_005" time="0.0" classname="com.pure.selfservice.testscripts.PB_Household">
    <ignored/>
  </testcase> <!-- TC_005 -->
  <testcase name="TC_006" time="0.0" classname="com.pure.selfservice.testscripts.PB_Household">
    <ignored/>
  </testcase> <!-- TC_006 -->
  <testcase name="TC_003" time="0.0" classname="com.pure.selfservice.testscripts.PB_Household">
    <ignored/>
  </testcase> <!-- TC_003 -->
  <testcase name="TC_004" time="0.0" classname="com.pure.selfservice.testscripts.PB_Household">
    <ignored/>
  </testcase> <!-- TC_004 -->
  <testcase name="TC_009" time="0.0" classname="com.pure.selfservice.testscripts.PB_Household">
    <ignored/>
  </testcase> <!-- TC_009 -->
  <testcase name="TC_090" time="0.0" classname="com.pure.selfservice.testscripts.PB_Household">
    <ignored/>
  </testcase> <!-- TC_090 -->
  <testcase name="TC_008" time="0.0" classname="com.pure.selfservice.testscripts.PB_Household">
    <ignored/>
  </testcase> <!-- TC_008 -->
  <testcase name="TC_010" time="0.0" classname="com.pure.selfservice.testscripts.PB_Household">
    <ignored/>
  </testcase> <!-- TC_010 -->
  <testcase name="TC_098" time="0.0" classname="com.pure.selfservice.testscripts.PB_Household">
    <ignored/>
  </testcase> <!-- TC_098 -->
  <testcase name="TC_092" time="0.0" classname="com.pure.selfservice.testscripts.PB_Household">
    <ignored/>
  </testcase> <!-- TC_092 -->
  <testcase name="TC_093" time="0.0" classname="com.pure.selfservice.testscripts.PB_Household">
    <ignored/>
  </testcase> <!-- TC_093 -->
  <testcase name="TC_091" time="0.0" classname="com.pure.selfservice.testscripts.PB_Household">
    <ignored/>
  </testcase> <!-- TC_091 -->
  <testcase name="TC_096" time="0.0" classname="com.pure.selfservice.testscripts.PB_Household">
    <ignored/>
  </testcase> <!-- TC_096 -->
  <testcase name="TC_097" time="0.0" classname="com.pure.selfservice.testscripts.PB_Household">
    <ignored/>
  </testcase> <!-- TC_097 -->
  <testcase name="TC_094" time="0.0" classname="com.pure.selfservice.testscripts.PB_Household">
    <ignored/>
  </testcase> <!-- TC_094 -->
  <testcase name="TC_095" time="0.0" classname="com.pure.selfservice.testscripts.PB_Household">
    <ignored/>
  </testcase> <!-- TC_095 -->
  <testcase name="TC_078" time="0.0" classname="com.pure.selfservice.testscripts.PB_Household">
    <ignored/>
  </testcase> <!-- TC_078 -->
  <testcase name="TC_079" time="0.0" classname="com.pure.selfservice.testscripts.PB_Household">
    <ignored/>
  </testcase> <!-- TC_079 -->
  <testcase name="TC_077" time="0.0" classname="com.pure.selfservice.testscripts.PB_Household">
    <ignored/>
  </testcase> <!-- TC_077 -->
  <testcase name="TC_087" time="0.0" classname="com.pure.selfservice.testscripts.PB_Household">
    <ignored/>
  </testcase> <!-- TC_087 -->
  <testcase name="TC_081" time="0.0" classname="com.pure.selfservice.testscripts.PB_Household">
    <ignored/>
  </testcase> <!-- TC_081 -->
  <testcase name="TC_082" time="0.0" classname="com.pure.selfservice.testscripts.PB_Household">
    <ignored/>
  </testcase> <!-- TC_082 -->
  <testcase name="TC_029" time="0.0" classname="com.pure.selfservice.testscripts.PB_Household">
    <ignored/>
  </testcase> <!-- TC_029 -->
  <testcase name="TC_080" time="0.0" classname="com.pure.selfservice.testscripts.PB_Household">
    <ignored/>
  </testcase> <!-- TC_080 -->
  <testcase name="TC_085" time="0.0" classname="com.pure.selfservice.testscripts.PB_Household">
    <ignored/>
  </testcase> <!-- TC_085 -->
  <testcase name="TC_086" time="0.0" classname="com.pure.selfservice.testscripts.PB_Household">
    <ignored/>
  </testcase> <!-- TC_086 -->
  <testcase name="TC_083" time="0.0" classname="com.pure.selfservice.testscripts.PB_Household">
    <ignored/>
  </testcase> <!-- TC_083 -->
  <testcase name="TC_084" time="0.0" classname="com.pure.selfservice.testscripts.PB_Household">
    <ignored/>
  </testcase> <!-- TC_084 -->
  <testcase name="TC_023" time="0.0" classname="com.pure.selfservice.testscripts.PB_Household">
    <ignored/>
  </testcase> <!-- TC_023 -->
  <testcase name="TC_024" time="0.0" classname="com.pure.selfservice.testscripts.PB_Household">
    <ignored/>
  </testcase> <!-- TC_024 -->
  <testcase name="TC_022" time="0.0" classname="com.pure.selfservice.testscripts.PB_Household">
    <ignored/>
  </testcase> <!-- TC_022 -->
  <testcase name="TC_027" time="0.0" classname="com.pure.selfservice.testscripts.PB_Household">
    <ignored/>
  </testcase> <!-- TC_027 -->
  <testcase name="TC_028" time="0.0" classname="com.pure.selfservice.testscripts.PB_Household">
    <ignored/>
  </testcase> <!-- TC_028 -->
  <testcase name="TC_025" time="0.0" classname="com.pure.selfservice.testscripts.PB_Household">
    <ignored/>
  </testcase> <!-- TC_025 -->
  <testcase name="TC_026" time="0.0" classname="com.pure.selfservice.testscripts.PB_Household">
    <ignored/>
  </testcase> <!-- TC_026 -->
  <testcase name="TC_032" time="0.0" classname="com.pure.selfservice.testscripts.PB_Household">
    <ignored/>
  </testcase> <!-- TC_032 -->
  <testcase name="TC_018" time="0.0" classname="com.pure.selfservice.testscripts.PB_Household">
    <ignored/>
  </testcase> <!-- TC_018 -->
  <testcase name="TC_030" time="0.0" classname="com.pure.selfservice.testscripts.PB_Household">
    <ignored/>
  </testcase> <!-- TC_030 -->
  <testcase name="TC_031" time="0.0" classname="com.pure.selfservice.testscripts.PB_Household">
    <ignored/>
  </testcase> <!-- TC_031 -->
  <testcase name="TC_012" time="0.0" classname="com.pure.selfservice.testscripts.PB_Household">
    <ignored/>
  </testcase> <!-- TC_012 -->
  <testcase name="TC_013" time="0.0" classname="com.pure.selfservice.testscripts.PB_Household">
    <ignored/>
  </testcase> <!-- TC_013 -->
  <testcase name="TC_011" time="0.0" classname="com.pure.selfservice.testscripts.PB_Household">
    <ignored/>
  </testcase> <!-- TC_011 -->
  <testcase name="TC_099" time="0.0" classname="com.pure.selfservice.testscripts.PB_Household">
    <ignored/>
  </testcase> <!-- TC_099 -->
  <testcase name="TC_016" time="0.0" classname="com.pure.selfservice.testscripts.PB_Household">
    <ignored/>
  </testcase> <!-- TC_016 -->
  <testcase name="TC_017" time="0.0" classname="com.pure.selfservice.testscripts.PB_Household">
    <ignored/>
  </testcase> <!-- TC_017 -->
  <testcase name="TC_014" time="0.0" classname="com.pure.selfservice.testscripts.PB_Household">
    <ignored/>
  </testcase> <!-- TC_014 -->
  <testcase name="TC_015" time="0.0" classname="com.pure.selfservice.testscripts.PB_Household">
    <ignored/>
  </testcase> <!-- TC_015 -->
  <testcase name="TC_019" time="0.0" classname="com.pure.selfservice.testscripts.PB_Household">
    <ignored/>
  </testcase> <!-- TC_019 -->
  <testcase name="TC_021" time="0.0" classname="com.pure.selfservice.testscripts.PB_Household">
    <ignored/>
  </testcase> <!-- TC_021 -->
  <testcase name="TC_020" time="0.0" classname="com.pure.selfservice.testscripts.PB_Household">
    <ignored/>
  </testcase> <!-- TC_020 -->
</testsuite>
