<?xml version="1.0" encoding="UTF-8"?>
<!-- Generated by org.testng.reporters.JUnitXMLReporter -->
<testsuite hostname="aspirenav145" ignored="0" name="UXP_PBPhase2_HouseHold" tests="11" failures="0" timestamp="29 Jun 2018 16:28:22 GMT" time="814.948" errors="0">
  <testcase name="TC_22006" time="70.273" classname="com.pure.Renewals.Household_Renewal_PaymentRequiredPage"/>
  <testcase name="TC_22007" time="63.723" classname="com.pure.Renewals.Household_Renewal_PaymentRequiredPage"/>
  <testcase name="TC_22008" time="70.741" classname="com.pure.Renewals.Household_Renewal_PaymentRequiredPage"/>
  <testcase name="TC_22009" time="64.016" classname="com.pure.Renewals.Household_Renewal_PaymentRequiredPage"/>
  <testcase name="TC_22010" time="96.464" classname="com.pure.Renewals.Household_Renewal_PaymentRequiredPage"/>
  <testcase name="TC_22011" time="67.6" classname="com.pure.Renewals.Household_Renewal_PaymentRequiredPage"/>
  <testcase name="TC_22015" time="73.414" classname="com.pure.Renewals.Household_Renewal_PaymentRequiredPage"/>
  <testcase name="TC_22019" time="64.918" classname="com.pure.Renewals.Household_Renewal_PaymentRequiredPage"/>
  <testcase name="TC_22021" time="79.371" classname="com.pure.Renewals.Household_Renewal_PaymentRequiredPage"/>
  <testcase name="TC_22023" time="65.917" classname="com.pure.Renewals.Household_Renewal_PaymentRequiredPage"/>
  <testcase name="TC_22024" time="62.352" classname="com.pure.Renewals.Household_Renewal_PaymentRequiredPage"/>
</testsuite> <!-- UXP_PBPhase2_HouseHold -->
