<?xml version="1.0" encoding="UTF-8"?>
<!-- Generated by org.testng.reporters.JUnitXMLReporter -->
<testsuite hostname="aspirenav145" ignored="27" name="UXP_HouseHold_Sprint_05" tests="1" failures="0" timestamp="03 Aug 2018 14:15:03 GMT" time="119.388" errors="0">
  <testcase name="TC_23804" time="115.664" classname="com.pure.Renewals.Renewal_7288"/>
  <testcase name="TC_23828" time="0.0" classname="com.pure.Renewals.Renewal_7288">
    <ignored/>
  </testcase> <!-- TC_23828 -->
  <testcase name="TC_23806" time="0.0" classname="com.pure.Renewals.Renewal_7288">
    <ignored/>
  </testcase> <!-- TC_23806 -->
  <testcase name="TC_23829" time="0.0" classname="com.pure.Renewals.Renewal_7288">
    <ignored/>
  </testcase> <!-- TC_23829 -->
  <testcase name="TC_23807" time="0.0" classname="com.pure.Renewals.Renewal_7288">
    <ignored/>
  </testcase> <!-- TC_23807 -->
  <testcase name="TC_23805" time="0.0" classname="com.pure.Renewals.Renewal_7288">
    <ignored/>
  </testcase> <!-- TC_23805 -->
  <testcase name="TC_23827" time="0.0" classname="com.pure.Renewals.Renewal_7288">
    <ignored/>
  </testcase> <!-- TC_23827 -->
  <testcase name="TC_23824" time="0.0" classname="com.pure.Renewals.Renewal_7288">
    <ignored/>
  </testcase> <!-- TC_23824 -->
  <testcase name="TC_23825" time="0.0" classname="com.pure.Renewals.Renewal_7288">
    <ignored/>
  </testcase> <!-- TC_23825 -->
  <testcase name="TC_23808" time="0.0" classname="com.pure.Renewals.Renewal_7288">
    <ignored/>
  </testcase> <!-- TC_23808 -->
  <testcase name="TC_23823" time="0.0" classname="com.pure.Renewals.Renewal_7288">
    <ignored/>
  </testcase> <!-- TC_23823 -->
  <testcase name="TC_23820" time="0.0" classname="com.pure.Renewals.Renewal_7288">
    <ignored/>
  </testcase> <!-- TC_23820 -->
  <testcase name="TC_23821" time="0.0" classname="com.pure.Renewals.Renewal_7288">
    <ignored/>
  </testcase> <!-- TC_23821 -->
  <testcase name="TC_23826" time="0.0" classname="com.pure.Renewals.Renewal_7288">
    <ignored/>
  </testcase> <!-- TC_23826 -->
  <testcase name="TC_23822" time="0.0" classname="com.pure.Renewals.Renewal_7288">
    <ignored/>
  </testcase> <!-- TC_23822 -->
  <testcase name="TC_23809" time="0.0" classname="com.pure.Renewals.Renewal_7288">
    <ignored/>
  </testcase> <!-- TC_23809 -->
  <testcase name="TC_23817" time="0.0" classname="com.pure.Renewals.Renewal_7288">
    <ignored/>
  </testcase> <!-- TC_23817 -->
  <testcase name="TC_23818" time="0.0" classname="com.pure.Renewals.Renewal_7288">
    <ignored/>
  </testcase> <!-- TC_23818 -->
  <testcase name="TC_23816" time="0.0" classname="com.pure.Renewals.Renewal_7288">
    <ignored/>
  </testcase> <!-- TC_23816 -->
  <testcase name="TC_23813" time="0.0" classname="com.pure.Renewals.Renewal_7288">
    <ignored/>
  </testcase> <!-- TC_23813 -->
  <testcase name="TC_23814" time="0.0" classname="com.pure.Renewals.Renewal_7288">
    <ignored/>
  </testcase> <!-- TC_23814 -->
  <testcase name="TC_23819" time="0.0" classname="com.pure.Renewals.Renewal_7288">
    <ignored/>
  </testcase> <!-- TC_23819 -->
  <testcase name="TC_23812" time="0.0" classname="com.pure.Renewals.Renewal_7288">
    <ignored/>
  </testcase> <!-- TC_23812 -->
  <testcase name="TC_23831" time="0.0" classname="com.pure.Renewals.Renewal_7288">
    <ignored/>
  </testcase> <!-- TC_23831 -->
  <testcase name="TC_23810" time="0.0" classname="com.pure.Renewals.Renewal_7288">
    <ignored/>
  </testcase> <!-- TC_23810 -->
  <testcase name="TC_23815" time="0.0" classname="com.pure.Renewals.Renewal_7288">
    <ignored/>
  </testcase> <!-- TC_23815 -->
  <testcase name="TC_23830" time="0.0" classname="com.pure.Renewals.Renewal_7288">
    <ignored/>
  </testcase> <!-- TC_23830 -->
  <testcase name="TC_23811" time="0.0" classname="com.pure.Renewals.Renewal_7288">
    <ignored/>
  </testcase> <!-- TC_23811 -->
</testsuite> <!-- UXP_HouseHold_Sprint_05 -->
